This is XeTeX, Version 3.14159265-2.6-0.999992 (TeX Live 2020) (preloaded format=xelatex 2020.4.7)  20 AUG 2020 18:43
entering extended mode
 restricted \write18 enabled.
 %&-line parsing enabled.
**_main.tex
(./_main.tex
LaTeX2e <2020-02-02> patch level 5
L3 programming layer <2020-03-06> (/usr/local/texlive/2020/texmf-dist/tex/latex
/base/book.cls
Document Class: book 2019/12/20 v1.4l Standard LaTeX document class
(/usr/local/texlive/2020/texmf-dist/tex/latex/base/bk10.clo
File: bk10.clo 2019/12/20 v1.4l Standard LaTeX file (size option)
)
\c@part=\count163
\c@chapter=\count164
\c@section=\count165
\c@subsection=\count166
\c@subsubsection=\count167
\c@paragraph=\count168
\c@subparagraph=\count169
\c@figure=\count170
\c@table=\count171
\abovecaptionskip=\skip47
\belowcaptionskip=\skip48
\bibindent=\dimen134
) (/usr/local/texlive/2020/texmf-dist/tex/latex/lm/lmodern.sty
Package: lmodern 2009/10/30 v1.6 Latin Modern Fonts
LaTeX Font Info:    Overwriting symbol font `operators' in version `normal'
(Font)                  OT1/cmr/m/n --> OT1/lmr/m/n on input line 22.
LaTeX Font Info:    Overwriting symbol font `letters' in version `normal'
(Font)                  OML/cmm/m/it --> OML/lmm/m/it on input line 23.
LaTeX Font Info:    Overwriting symbol font `symbols' in version `normal'
(Font)                  OMS/cmsy/m/n --> OMS/lmsy/m/n on input line 24.
LaTeX Font Info:    Overwriting symbol font `largesymbols' in version `normal'
(Font)                  OMX/cmex/m/n --> OMX/lmex/m/n on input line 25.
LaTeX Font Info:    Overwriting symbol font `operators' in version `bold'
(Font)                  OT1/cmr/bx/n --> OT1/lmr/bx/n on input line 26.
LaTeX Font Info:    Overwriting symbol font `letters' in version `bold'
(Font)                  OML/cmm/b/it --> OML/lmm/b/it on input line 27.
LaTeX Font Info:    Overwriting symbol font `symbols' in version `bold'
(Font)                  OMS/cmsy/b/n --> OMS/lmsy/b/n on input line 28.
LaTeX Font Info:    Overwriting symbol font `largesymbols' in version `bold'
(Font)                  OMX/cmex/m/n --> OMX/lmex/m/n on input line 29.
LaTeX Font Info:    Overwriting math alphabet `\mathbf' in version `normal'
(Font)                  OT1/cmr/bx/n --> OT1/lmr/bx/n on input line 31.
LaTeX Font Info:    Overwriting math alphabet `\mathsf' in version `normal'
(Font)                  OT1/cmss/m/n --> OT1/lmss/m/n on input line 32.
LaTeX Font Info:    Overwriting math alphabet `\mathit' in version `normal'
(Font)                  OT1/cmr/m/it --> OT1/lmr/m/it on input line 33.
LaTeX Font Info:    Overwriting math alphabet `\mathtt' in version `normal'
(Font)                  OT1/cmtt/m/n --> OT1/lmtt/m/n on input line 34.
LaTeX Font Info:    Overwriting math alphabet `\mathbf' in version `bold'
(Font)                  OT1/cmr/bx/n --> OT1/lmr/bx/n on input line 35.
LaTeX Font Info:    Overwriting math alphabet `\mathsf' in version `bold'
(Font)                  OT1/cmss/bx/n --> OT1/lmss/bx/n on input line 36.
LaTeX Font Info:    Overwriting math alphabet `\mathit' in version `bold'
(Font)                  OT1/cmr/bx/it --> OT1/lmr/bx/it on input line 37.
LaTeX Font Info:    Overwriting math alphabet `\mathtt' in version `bold'
(Font)                  OT1/cmtt/m/n --> OT1/lmtt/m/n on input line 38.
) (/usr/local/texlive/2020/texmf-dist/tex/latex/amsfonts/amssymb.sty
Package: amssymb 2013/01/14 v3.01 AMS font symbols
(/usr/local/texlive/2020/texmf-dist/tex/latex/amsfonts/amsfonts.sty
Package: amsfonts 2013/01/14 v3.01 Basic AMSFonts support
\@emptytoks=\toks15
\symAMSa=\mathgroup4
\symAMSb=\mathgroup5
LaTeX Font Info:    Redeclaring math symbol \hbar on input line 98.
LaTeX Font Info:    Overwriting math alphabet `\mathfrak' in version `bold'
(Font)                  U/euf/m/n --> U/euf/b/n on input line 106.
)) (/usr/local/texlive/2020/texmf-dist/tex/latex/amsmath/amsmath.sty
Package: amsmath 2020/01/20 v2.17e AMS math features
\@mathmargin=\skip49
For additional information on amsmath, use the `?' option.
(/usr/local/texlive/2020/texmf-dist/tex/latex/amsmath/amstext.sty
Package: amstext 2000/06/29 v2.01 AMS text
(/usr/local/texlive/2020/texmf-dist/tex/latex/amsmath/amsgen.sty
File: amsgen.sty 1999/11/30 v2.0 generic functions
\@emptytoks=\toks16
\ex@=\dimen135
)) (/usr/local/texlive/2020/texmf-dist/tex/latex/amsmath/amsbsy.sty
Package: amsbsy 1999/11/29 v1.2d Bold Symbols
\pmbraise@=\dimen136
) (/usr/local/texlive/2020/texmf-dist/tex/latex/amsmath/amsopn.sty
Package: amsopn 2016/03/08 v2.02 operator names
)
\inf@bad=\count172
LaTeX Info: Redefining \frac on input line 227.
\uproot@=\count173
\leftroot@=\count174
LaTeX Info: Redefining \overline on input line 389.
\classnum@=\count175
\DOTSCASE@=\count176
LaTeX Info: Redefining \ldots on input line 486.
LaTeX Info: Redefining \dots on input line 489.
LaTeX Info: Redefining \cdots on input line 610.
\Mathstrutbox@=\box45
\strutbox@=\box46
\big@size=\dimen137
LaTeX Font Info:    Redeclaring font encoding OML on input line 733.
LaTeX Font Info:    Redeclaring font encoding OMS on input line 734.
\macc@depth=\count177
\c@MaxMatrixCols=\count178
\dotsspace@=\muskip16
\c@parentequation=\count179
\dspbrk@lvl=\count180
\tag@help=\toks17
\row@=\count181
\column@=\count182
\maxfields@=\count183
\andhelp@=\toks18
\eqnshift@=\dimen138
\alignsep@=\dimen139
\tagshift@=\dimen140
\tagwidth@=\dimen141
\totwidth@=\dimen142
\lineht@=\dimen143
\@envbody=\toks19
\multlinegap=\skip50
\multlinetaggap=\skip51
\mathdisplay@stack=\toks20
LaTeX Info: Redefining \[ on input line 2859.
LaTeX Info: Redefining \] on input line 2860.
) (/usr/local/texlive/2020/texmf-dist/tex/generic/iftex/ifxetex.sty
Package: ifxetex 2019/10/25 v0.7 ifxetex legacy package. Use iftex instead.
(/usr/local/texlive/2020/texmf-dist/tex/generic/iftex/iftex.sty
Package: iftex 2020/03/06 v1.0d TeX engine tests
)) (/usr/local/texlive/2020/texmf-dist/tex/generic/iftex/ifluatex.sty
Package: ifluatex 2019/10/25 v1.5 ifluatex legacy package. Use iftex instead.
) (/usr/local/texlive/2020/texmf-dist/tex/latex/unicode-math/unicode-math.sty (
/usr/local/texlive/2020/texmf-dist/tex/latex/l3kernel/expl3.sty
Package: expl3 2020-03-06 L3 programming layer (loader) 

(/usr/local/texlive/2020/texmf-dist/tex/latex/l3backend/l3backend-xdvipdfmx.def
File: l3backend-xdvipdfmx.def 2020-03-12 L3 backend support: xdvipdfmx
\g__graphics_track_int=\count184
\l__pdf_internal_box=\box47
\g__pdf_backend_object_int=\count185
\g__pdf_backend_annotation_int=\count186
))
Package: unicode-math 2020/01/31 v0.8q Unicode maths in XeLaTeX and LuaLaTeX

(/usr/local/texlive/2020/texmf-dist/tex/latex/unicode-math/unicode-math-xetex.s
ty
Package: unicode-math-xetex 2020/01/31 v0.8q Unicode maths in XeLaTeX and LuaLa
TeX
(/usr/local/texlive/2020/texmf-dist/tex/latex/l3packages/xparse/xparse.sty
Package: xparse 2020-03-06 L3 Experimental document command parser
\l__xparse_current_arg_int=\count187
\g__xparse_grabber_int=\count188
\l__xparse_m_args_int=\count189
\l__xparse_v_nesting_int=\count190
) (/usr/local/texlive/2020/texmf-dist/tex/latex/l3packages/l3keys2e/l3keys2e.st
y
Package: l3keys2e 2020-03-06 LaTeX2e option processing using LaTeX3 keys
) (/usr/local/texlive/2020/texmf-dist/tex/latex/fontspec/fontspec.sty
Package: fontspec 2020/02/21 v2.7i Font selection for XeLaTeX and LuaLaTeX
(/usr/local/texlive/2020/texmf-dist/tex/latex/fontspec/fontspec-xetex.sty
Package: fontspec-xetex 2020/02/21 v2.7i Font selection for XeLaTeX and LuaLaTe
X
\l__fontspec_script_int=\count191
\l__fontspec_language_int=\count192
\l__fontspec_strnum_int=\count193
\l__fontspec_tmp_int=\count194
\l__fontspec_tmpa_int=\count195
\l__fontspec_tmpb_int=\count196
\l__fontspec_tmpc_int=\count197
\l__fontspec_em_int=\count198
\l__fontspec_emdef_int=\count199
\l__fontspec_strong_int=\count266
\l__fontspec_strongdef_int=\count267
\l__fontspec_tmpa_dim=\dimen144
\l__fontspec_tmpb_dim=\dimen145
\l__fontspec_tmpc_dim=\dimen146
(/usr/local/texlive/2020/texmf-dist/tex/latex/base/fontenc.sty
Package: fontenc 2020/02/11 v2.0o Standard LaTeX package
) (/usr/local/texlive/2020/texmf-dist/tex/latex/fontspec/fontspec.cfg))) (/usr/
local/texlive/2020/texmf-dist/tex/latex/base/fix-cm.sty
Package: fix-cm 2015/01/14 v1.1t fixes to LaTeX
(/usr/local/texlive/2020/texmf-dist/tex/latex/base/ts1enc.def
File: ts1enc.def 2001/06/05 v3.0e (jk/car/fm) Standard LaTeX file
LaTeX Font Info:    Redeclaring font encoding TS1 on input line 47.
))
\g__um_fam_int=\count268
\g__um_fonts_used_int=\count269
\l__um_primecount_int=\count270
\g__um_primekern_muskip=\muskip17

(/usr/local/texlive/2020/texmf-dist/tex/latex/unicode-math/unicode-math-table.t
ex))) (/usr/local/texlive/2020/texmf-dist/tex/latex/upquote/upquote.sty
Package: upquote 2012/04/19 v1.3 upright-quote and grave-accent glyphs in verba
tim
(/usr/local/texlive/2020/texmf-dist/tex/latex/base/textcomp.sty
Package: textcomp 2020/02/02 v2.0n Standard LaTeX package
)) (/usr/local/texlive/2020/texmf-dist/tex/latex/microtype/microtype.sty
Package: microtype 2019/11/18 v2.7d Micro-typographical refinements (RS)
(/usr/local/texlive/2020/texmf-dist/tex/latex/graphics/keyval.sty
Package: keyval 2014/10/28 v1.15 key=value parser (DPC)
\KV@toks@=\toks21
)
\MT@toks=\toks22
\MT@count=\count271
LaTeX Info: Redefining \textls on input line 790.
\MT@outer@kern=\dimen147
LaTeX Info: Redefining \textmicrotypecontext on input line 1354.
\MT@listname@count=\count272
(/usr/local/texlive/2020/texmf-dist/tex/latex/microtype/microtype-xetex.def
File: microtype-xetex.def 2019/11/18 v2.7d Definitions specific to xetex (RS)
LaTeX Info: Redefining \lsstyle on input line 258.
)
Package microtype Info: Loading configuration file microtype.cfg.
(/usr/local/texlive/2020/texmf-dist/tex/latex/microtype/microtype.cfg
File: microtype.cfg 2019/11/18 v2.7d microtype main configuration file (RS)
)) (/usr/local/texlive/2020/texmf-dist/tex/latex/parskip/parskip.sty
Package: parskip 2020-01-22 v2.0d non-zero parskip adjustments
(/usr/local/texlive/2020/texmf-dist/tex/latex/kvoptions/kvoptions.sty
Package: kvoptions 2019/11/29 v3.13 Key value format for package options (HO)
(/usr/local/texlive/2020/texmf-dist/tex/generic/ltxcmds/ltxcmds.sty
Package: ltxcmds 2019/12/15 v1.24 LaTeX kernel commands for general use (HO)
) (/usr/local/texlive/2020/texmf-dist/tex/generic/kvsetkeys/kvsetkeys.sty
Package: kvsetkeys 2019/12/15 v1.18 Key value parser (HO)
)) (/usr/local/texlive/2020/texmf-dist/tex/latex/etoolbox/etoolbox.sty
Package: etoolbox 2019/09/21 v2.5h e-TeX tools for LaTeX (JAW)
\etb@tempcnta=\count273
)) (/usr/local/texlive/2020/texmf-dist/tex/latex/xcolor/xcolor.sty
Package: xcolor 2016/05/11 v2.12 LaTeX color extensions (UK)
(/usr/local/texlive/2020/texmf-dist/tex/latex/graphics-cfg/color.cfg
File: color.cfg 2016/01/02 v1.6 sample color configuration
)
Package xcolor Info: Driver file: xetex.def on input line 225.
(/usr/local/texlive/2020/texmf-dist/tex/latex/graphics-def/xetex.def
File: xetex.def 2017/06/24 v5.0h Graphics/color driver for xetex
)
Package xcolor Info: Model `cmy' substituted by `cmy0' on input line 1348.
Package xcolor Info: Model `RGB' extended on input line 1364.
Package xcolor Info: Model `HTML' substituted by `rgb' on input line 1366.
Package xcolor Info: Model `Hsb' substituted by `hsb' on input line 1367.
Package xcolor Info: Model `tHsb' substituted by `hsb' on input line 1368.
Package xcolor Info: Model `HSB' substituted by `hsb' on input line 1369.
Package xcolor Info: Model `Gray' substituted by `gray' on input line 1370.
Package xcolor Info: Model `wave' substituted by `hsb' on input line 1371.
) (/usr/local/texlive/2020/texmf-dist/tex/latex/xurl/xurl.sty
Package: xurl 2020/01/24 v 0.09 modify URL breaks
(/usr/local/texlive/2020/texmf-dist/tex/latex/url/url.sty
\Urlmuskip=\muskip18
Package: url 2013/09/16  ver 3.4  Verb mode for urls, etc.
)) (/usr/local/texlive/2020/texmf-dist/tex/latex/bookmark/bookmark.sty
Package: bookmark 2019/12/03 v1.28 PDF bookmarks (HO)
(/usr/local/texlive/2020/texmf-dist/tex/latex/hyperref/hyperref.sty
Package: hyperref 2020/01/14 v7.00d Hypertext links for LaTeX
(/usr/local/texlive/2020/texmf-dist/tex/latex/pdftexcmds/pdftexcmds.sty
Package: pdftexcmds 2019/11/24 v0.31 Utility functions of pdfTeX for LuaTeX (HO
)
(/usr/local/texlive/2020/texmf-dist/tex/generic/infwarerr/infwarerr.sty
Package: infwarerr 2019/12/03 v1.5 Providing info/warning/error messages (HO)
)
Package pdftexcmds Info: \pdf@primitive is available.
Package pdftexcmds Info: \pdf@ifprimitive is available.
Package pdftexcmds Info: \pdfdraftmode not found.
) (/usr/local/texlive/2020/texmf-dist/tex/generic/kvdefinekeys/kvdefinekeys.sty
Package: kvdefinekeys 2019-12-19 v1.6 Define keys (HO)
) (/usr/local/texlive/2020/texmf-dist/tex/generic/pdfescape/pdfescape.sty
Package: pdfescape 2019/12/09 v1.15 Implements pdfTeX's escape features (HO)
) (/usr/local/texlive/2020/texmf-dist/tex/latex/hycolor/hycolor.sty
Package: hycolor 2020-01-27 v1.10 Color options for hyperref/bookmark (HO)
) (/usr/local/texlive/2020/texmf-dist/tex/latex/letltxmacro/letltxmacro.sty
Package: letltxmacro 2019/12/03 v1.6 Let assignment for LaTeX macros (HO)
) (/usr/local/texlive/2020/texmf-dist/tex/latex/auxhook/auxhook.sty
Package: auxhook 2019-12-17 v1.6 Hooks for auxiliary files (HO)
)
\@linkdim=\dimen148
\Hy@linkcounter=\count274
\Hy@pagecounter=\count275
(/usr/local/texlive/2020/texmf-dist/tex/latex/hyperref/pd1enc.def
File: pd1enc.def 2020/01/14 v7.00d Hyperref: PDFDocEncoding definition (HO)
) (/usr/local/texlive/2020/texmf-dist/tex/generic/intcalc/intcalc.sty
Package: intcalc 2019/12/15 v1.3 Expandable calculations with integers (HO)
) (/usr/local/texlive/2020/texmf-dist/tex/generic/etexcmds/etexcmds.sty
Package: etexcmds 2019/12/15 v1.7 Avoid name clashes with e-TeX commands (HO)
)
\Hy@SavedSpaceFactor=\count276
Package hyperref Info: Option `unicode' set `true' on input line 4421.
(/usr/local/texlive/2020/texmf-dist/tex/latex/hyperref/puenc.def
File: puenc.def 2020/01/14 v7.00d Hyperref: PDF Unicode definition (HO)
)
Package hyperref Info: Hyper figures OFF on input line 4547.
Package hyperref Info: Link nesting OFF on input line 4552.
Package hyperref Info: Hyper index ON on input line 4555.
Package hyperref Info: Plain pages OFF on input line 4562.
Package hyperref Info: Backreferencing OFF on input line 4567.
Package hyperref Info: Implicit mode ON; LaTeX internals redefined.
Package hyperref Info: Bookmarks ON on input line 4800.
\c@Hy@tempcnt=\count277
LaTeX Info: Redefining \url on input line 5159.
\XeTeXLinkMargin=\dimen149
(/usr/local/texlive/2020/texmf-dist/tex/generic/bitset/bitset.sty
Package: bitset 2019/12/09 v1.3 Handle bit-vector datatype (HO)
(/usr/local/texlive/2020/texmf-dist/tex/generic/bigintcalc/bigintcalc.sty
Package: bigintcalc 2019/12/15 v1.5 Expandable calculations on big integers (HO
)
))
\Fld@menulength=\count278
\Field@Width=\dimen150
\Fld@charsize=\dimen151
Package hyperref Info: Hyper figures OFF on input line 6430.
Package hyperref Info: Link nesting OFF on input line 6435.
Package hyperref Info: Hyper index ON on input line 6438.
Package hyperref Info: backreferencing OFF on input line 6445.
Package hyperref Info: Link coloring OFF on input line 6450.
Package hyperref Info: Link coloring with OCG OFF on input line 6455.
Package hyperref Info: PDF/A mode OFF on input line 6460.
LaTeX Info: Redefining \ref on input line 6500.
LaTeX Info: Redefining \pageref on input line 6504.
(/usr/local/texlive/2020/texmf-dist/tex/generic/atbegshi/atbegshi.sty
Package: atbegshi 2019/12/05 v1.19 At begin shipout hook (HO)
)
\Hy@abspage=\count279
\c@Item=\count280
\c@Hfootnote=\count281
)
Package hyperref Info: Driver (autodetected): hxetex.
(/usr/local/texlive/2020/texmf-dist/tex/latex/hyperref/hxetex.def
File: hxetex.def 2020/01/14 v7.00d Hyperref driver for XeTeX
(/usr/local/texlive/2020/texmf-dist/tex/generic/stringenc/stringenc.sty
Package: stringenc 2019/11/29 v1.12 Convert strings between diff. encodings (HO
)
)
\pdfm@box=\box48
\c@Hy@AnnotLevel=\count282
\HyField@AnnotCount=\count283
\Fld@listcount=\count284
\c@bookmark@seq@number=\count285

(/usr/local/texlive/2020/texmf-dist/tex/latex/rerunfilecheck/rerunfilecheck.sty
Package: rerunfilecheck 2019/12/05 v1.9 Rerun checks for auxiliary files (HO)
(/usr/local/texlive/2020/texmf-dist/tex/latex/atveryend/atveryend.sty
Package: atveryend 2019-12-11 v1.11 Hooks at the very end of document (HO)
)
(/usr/local/texlive/2020/texmf-dist/tex/generic/uniquecounter/uniquecounter.sty
Package: uniquecounter 2019/12/15 v1.4 Provide unlimited unique counter (HO)
)
Package uniquecounter Info: New unique counter `rerunfilecheck' on input line 2
86.
)
\Hy@SectionHShift=\skip52
) (/usr/local/texlive/2020/texmf-dist/tex/latex/bookmark/bkm-dvipdfm.def
File: bkm-dvipdfm.def 2019/12/03 v1.28 bookmark driver for dvipdfm (HO)
\BKM@id=\count286
)) (/usr/local/texlive/2020/texmf-dist/tex/latex/tools/longtable.sty
Package: longtable 2020/01/07 v4.13 Multi-page Table package (DPC)
\LTleft=\skip53
\LTright=\skip54
\LTpre=\skip55
\LTpost=\skip56
\LTchunksize=\count287
\LTcapwidth=\dimen152
\LT@head=\box49
\LT@firsthead=\box50
\LT@foot=\box51
\LT@lastfoot=\box52
\LT@cols=\count288
\LT@rows=\count289
\c@LT@tables=\count290
\c@LT@chunks=\count291
\LT@p@ftn=\toks23
) (/usr/local/texlive/2020/texmf-dist/tex/latex/booktabs/booktabs.sty
Package: booktabs 2020/01/12 v1.61803398 Publication quality tables
\heavyrulewidth=\dimen153
\lightrulewidth=\dimen154
\cmidrulewidth=\dimen155
\belowrulesep=\dimen156
\belowbottomsep=\dimen157
\aboverulesep=\dimen158
\abovetopsep=\dimen159
\cmidrulesep=\dimen160
\cmidrulekern=\dimen161
\defaultaddspace=\dimen162
\@cmidla=\count292
\@cmidlb=\count293
\@aboverulesep=\dimen163
\@belowrulesep=\dimen164
\@thisruleclass=\count294
\@lastruleclass=\count295
\@thisrulewidth=\dimen165
) (/usr/local/texlive/2020/texmf-dist/tex/latex/footnotehyper/footnotehyper.sty
Package: footnotehyper 2019/11/07 v1.1a hyperref aware footnote.sty (JFB)
\FNH@notes=\box53
\FNH@width=\dimen166
) (/usr/local/texlive/2020/texmf-dist/tex/latex/graphics/graphicx.sty
Package: graphicx 2019/11/30 v1.2a Enhanced LaTeX Graphics (DPC,SPQR)
(/usr/local/texlive/2020/texmf-dist/tex/latex/graphics/graphics.sty
Package: graphics 2019/11/30 v1.4a Standard LaTeX Graphics (DPC,SPQR)
(/usr/local/texlive/2020/texmf-dist/tex/latex/graphics/trig.sty
Package: trig 2016/01/03 v1.10 sin cos tan (DPC)
) (/usr/local/texlive/2020/texmf-dist/tex/latex/graphics-cfg/graphics.cfg
File: graphics.cfg 2016/06/04 v1.11 sample graphics configuration
)
Package graphics Info: Driver file: xetex.def on input line 105.
)
\Gin@req@height=\dimen167
\Gin@req@width=\dimen168
) (/usr/local/texlive/2020/texmf-dist/tex/latex/graphics/lscape.sty
Package: lscape 2000/10/22 v3.01 Landscape Pages (DPC)
) (/usr/local/texlive/2020/texmf-dist/tex/latex/geometry/geometry.sty
Package: geometry 2020/01/02 v5.9 Page Geometry
(/usr/local/texlive/2020/texmf-dist/tex/generic/iftex/ifvtex.sty
Package: ifvtex 2019/10/25 v1.7 ifvtex legacy package. Use iftex instead.
)
\Gm@cnth=\count296
\Gm@cntv=\count297
\c@Gm@tempcnt=\count298
\Gm@bindingoffset=\dimen169
\Gm@wd@mp=\dimen170
\Gm@odd@mp=\dimen171
\Gm@even@mp=\dimen172
\Gm@layoutwidth=\dimen173
\Gm@layoutheight=\dimen174
\Gm@layouthoffset=\dimen175
\Gm@layoutvoffset=\dimen176
\Gm@dimlist=\toks24
) (/usr/local/texlive/2020/texmf-dist/tex/latex/cantarell/cantarell.sty
Package: cantarell 2019/06/20 Style file for Cantarell.
(/usr/local/texlive/2020/texmf-dist/tex/latex/fontaxes/fontaxes.sty
Package: fontaxes 2014/03/23 v1.0d Font selection axes
LaTeX Info: Redefining \upshape on input line 29.
LaTeX Info: Redefining \itshape on input line 31.
LaTeX Info: Redefining \slshape on input line 33.
LaTeX Info: Redefining \swshape on input line 35.
LaTeX Info: Redefining \scshape on input line 37.
LaTeX Info: Redefining \sscshape on input line 39.
LaTeX Info: Redefining \ulcshape on input line 41.
LaTeX Info: Redefining \textsw on input line 47.
LaTeX Info: Redefining \textssc on input line 48.
LaTeX Info: Redefining \textulc on input line 49.
) (/usr/local/texlive/2020/texmf-dist/tex/latex/xkeyval/xkeyval.sty
Package: xkeyval 2014/12/03 v2.7a package option processing (HA)
(/usr/local/texlive/2020/texmf-dist/tex/generic/xkeyval/xkeyval.tex (/usr/local
/texlive/2020/texmf-dist/tex/generic/xkeyval/xkvutils.tex
\XKV@toks=\toks25
\XKV@tempa@toks=\toks26
)
\XKV@depth=\count299
File: xkeyval.tex 2014/12/03 v2.7a key=value parser (HA)
))
Requested font "[Cantarell-Regular.otf]/OT" at 9.99997pt
 -> /usr/local/texlive/2020/texmf-dist/fonts/opentype/gnome/cantarell/Cantarell
-Regular.otf
Requested font "[Cantarell-Regular.otf]/OT" at 10.00003pt
 -> /usr/local/texlive/2020/texmf-dist/fonts/opentype/gnome/cantarell/Cantarell
-Regular.otf

Package fontspec Info: Cantarell-Regular scale = 0.8941890060908435.

Requested font "[Cantarell-Thin.otf]/OT:script=latn;language=dflt;" at 10.00003
pt
 -> /usr/local/texlive/2020/texmf-dist/fonts/opentype/gnome/cantarell/Cantarell
-Thin.otf

Package fontspec Info: Cantarell-Thin scale = 0.8979127327751181.


Package fontspec Info: Cantarell-Thin scale = 0.8979127327751181.

Requested font "[Cantarell-Light.otf]/OT:script=latn;language=dflt;" at 10.0000
3pt
 -> /usr/local/texlive/2020/texmf-dist/fonts/opentype/gnome/cantarell/Cantarell
-Light.otf

Package fontspec Info: Cantarell-Light scale = 0.8960470007518345.


Package fontspec Info: Cantarell-Light scale = 0.8960470007518345.

Requested font "[Cantarell-Bold.otf]/OT:script=latn;language=dflt;" at 10.00003
pt
 -> /usr/local/texlive/2020/texmf-dist/fonts/opentype/gnome/cantarell/Cantarell
-Bold.otf

Package fontspec Info: Cantarell-Bold scale = 0.8868278776537962.


Package fontspec Info: Cantarell-Bold scale = 0.8868278776537962.

Requested font "[Cantarell-ExtraBold.otf]/OT:script=latn;language=dflt;" at 10.
00003pt
 -> /usr/local/texlive/2020/texmf-dist/fonts/opentype/gnome/cantarell/Cantarell
-ExtraBold.otf

Package fontspec Info: Cantarell-ExtraBold scale = 0.8795896950427712.


Package fontspec Info: Cantarell-ExtraBold scale = 0.8795896950427712.

Requested font "[Cantarell-Regular.otf]/OT:script=latn;language=dflt;" at 10.00
003pt
 -> /usr/local/texlive/2020/texmf-dist/fonts/opentype/gnome/cantarell/Cantarell
-Regular.otf

Package fontspec Info: Cantarell-Regular scale = 0.8941890060908435.


Package fontspec Info: Cantarell-Regular scale = 0.8941890060908435.


Package fontspec Info: Font family 'cantarell-TLF' created for font
(fontspec)             'Cantarell' with options
(fontspec)             [Scale=MatchLowercase,Extension=.otf,Ligatures={TeX,Comm
on},Scale=1,FontFace={el}{n}{*-Thin},FontFace={el}{it}{Font=*-Thin,FakeSlant=0.
141},FontFace={l}{n}{*-Light},FontFace={l}{it}{Font=*-Light,FakeSlant=0.141},Up
rightFont={*-Regular},ItalicFont={*-Regular},ItalicFeatures={FakeSlant=0.141},F
ontFace={b}{n}{*-Bold},FontFace={b}{it}{Font=*-Bold,FakeSlant=0.141},BoldFont={
*-Bold},BoldItalicFont={*-Bold},BoldItalicFeatures={FakeSlant=0.141},FontFace={
eb}{n}{*-ExtraBold},FontFace={eb}{it}{Font=*-ExtraBold,FakeSlant=0.141},Numbers
={Monospaced,Lining},NFSSFamily=cantarell-TLF].
(fontspec)              
(fontspec)              This font family consists of the following NFSS
(fontspec)             series/shapes:
(fontspec)              
(fontspec)             - (el/n) with NFSS spec.:
(fontspec)             <->s*[1]"[Cantarell-Thin.otf]/OT:script=latn;language=df
lt;+liga;+tnum;+lnum;mapping=tex-text;"
(fontspec)             -  (el/sc) with NFSS spec.: 
(fontspec)             - (el/it) with NFSS spec.:
(fontspec)             <->s*[1]"[Cantarell-Thin.otf]/OT:script=latn;language=df
lt;slant=0.141;+liga;+tnum;+lnum;mapping=tex-text;"
(fontspec)             -  (el/scit) with NFSS spec.: 
(fontspec)             - (l/n) with NFSS spec.:
(fontspec)             <->s*[1]"[Cantarell-Light.otf]/OT:script=latn;language=d
flt;+liga;+tnum;+lnum;mapping=tex-text;"
(fontspec)             -  (l/sc) with NFSS spec.: 
(fontspec)             - (l/it) with NFSS spec.:
(fontspec)             <->s*[1]"[Cantarell-Light.otf]/OT:script=latn;language=d
flt;slant=0.141;+liga;+tnum;+lnum;mapping=tex-text;"
(fontspec)             -  (l/scit) with NFSS spec.: 
(fontspec)             - 'bold' (b/n) with NFSS spec.:
(fontspec)             <->s*[1]"[Cantarell-Bold.otf]/OT:script=latn;language=df
lt;+liga;+tnum;+lnum;mapping=tex-text;"
(fontspec)             - 'bold small caps'  (b/sc) with NFSS spec.: 
(fontspec)             - 'bold italic' (b/it) with NFSS spec.:
(fontspec)             <->s*[1]"[Cantarell-Bold.otf]/OT:script=latn;language=df
lt;slant=0.141;+liga;+tnum;+lnum;mapping=tex-text;"
(fontspec)             - 'bold italic small caps'  (b/scit) with NFSS spec.: 
(fontspec)             - (eb/n) with NFSS spec.:
(fontspec)             <->s*[1]"[Cantarell-ExtraBold.otf]/OT:script=latn;langua
ge=dflt;+liga;+tnum;+lnum;mapping=tex-text;"
(fontspec)             -  (eb/sc) with NFSS spec.: 
(fontspec)             - (eb/it) with NFSS spec.:
(fontspec)             <->s*[1]"[Cantarell-ExtraBold.otf]/OT:script=latn;langua
ge=dflt;slant=0.141;+liga;+tnum;+lnum;mapping=tex-text;"
(fontspec)             -  (eb/scit) with NFSS spec.: 
(fontspec)             - 'normal' (m/n) with NFSS spec.:
(fontspec)             <->s*[1]"[Cantarell-Regular.otf]/OT:script=latn;language
=dflt;+liga;+tnum;+lnum;mapping=tex-text;"
(fontspec)             - 'small caps'  (m/sc) with NFSS spec.: 
(fontspec)             - 'italic' (m/it) with NFSS spec.:
(fontspec)             <->s*[1]"[Cantarell-Regular.otf]/OT:script=latn;language
=dflt;slant=0.141;+liga;+tnum;+lnum;mapping=tex-text;"
(fontspec)             - 'italic small caps'  (m/scit) with NFSS spec.: 


Package fontspec Info: Cantarell-Regular scale = 0.8941890060908435.


Package fontspec Info: Cantarell-Thin scale = 0.8979127327751181.


Package fontspec Info: Cantarell-Thin scale = 0.8979127327751181.


Package fontspec Info: Cantarell-Light scale = 0.8960470007518345.


Package fontspec Info: Cantarell-Light scale = 0.8960470007518345.


Package fontspec Info: Cantarell-Bold scale = 0.8868278776537962.


Package fontspec Info: Cantarell-Bold scale = 0.8868278776537962.


Package fontspec Info: Cantarell-ExtraBold scale = 0.8795896950427712.


Package fontspec Info: Cantarell-ExtraBold scale = 0.8795896950427712.


Package fontspec Info: Cantarell-Regular scale = 0.8941890060908435.


Package fontspec Info: Cantarell-Regular scale = 0.8941890060908435.


Package fontspec Info: Font family 'cantarell-LF' created for font 'Cantarell'
(fontspec)             with options
(fontspec)             [Scale=MatchLowercase,Extension=.otf,Ligatures={TeX,Comm
on},Scale=1,FontFace={el}{n}{*-Thin},FontFace={el}{it}{Font=*-Thin,FakeSlant=0.
141},FontFace={l}{n}{*-Light},FontFace={l}{it}{Font=*-Light,FakeSlant=0.141},Up
rightFont={*-Regular},ItalicFont={*-Regular},ItalicFeatures={FakeSlant=0.141},F
ontFace={b}{n}{*-Bold},FontFace={b}{it}{Font=*-Bold,FakeSlant=0.141},BoldFont={
*-Bold},BoldItalicFont={*-Bold},BoldItalicFeatures={FakeSlant=0.141},FontFace={
eb}{n}{*-ExtraBold},FontFace={eb}{it}{Font=*-ExtraBold,FakeSlant=0.141},Numbers
={Proportional,Lining},NFSSFamily=cantarell-LF].
(fontspec)              
(fontspec)              This font family consists of the following NFSS
(fontspec)             series/shapes:
(fontspec)              
(fontspec)             - (el/n) with NFSS spec.:
(fontspec)             <->s*[1]"[Cantarell-Thin.otf]/OT:script=latn;language=df
lt;+liga;+pnum;+lnum;mapping=tex-text;"
(fontspec)             -  (el/sc) with NFSS spec.: 
(fontspec)             - (el/it) with NFSS spec.:
(fontspec)             <->s*[1]"[Cantarell-Thin.otf]/OT:script=latn;language=df
lt;slant=0.141;+liga;+pnum;+lnum;mapping=tex-text;"
(fontspec)             -  (el/scit) with NFSS spec.: 
(fontspec)             - (l/n) with NFSS spec.:
(fontspec)             <->s*[1]"[Cantarell-Light.otf]/OT:script=latn;language=d
flt;+liga;+pnum;+lnum;mapping=tex-text;"
(fontspec)             -  (l/sc) with NFSS spec.: 
(fontspec)             - (l/it) with NFSS spec.:
(fontspec)             <->s*[1]"[Cantarell-Light.otf]/OT:script=latn;language=d
flt;slant=0.141;+liga;+pnum;+lnum;mapping=tex-text;"
(fontspec)             -  (l/scit) with NFSS spec.: 
(fontspec)             - 'bold' (b/n) with NFSS spec.:
(fontspec)             <->s*[1]"[Cantarell-Bold.otf]/OT:script=latn;language=df
lt;+liga;+pnum;+lnum;mapping=tex-text;"
(fontspec)             - 'bold small caps'  (b/sc) with NFSS spec.: 
(fontspec)             - 'bold italic' (b/it) with NFSS spec.:
(fontspec)             <->s*[1]"[Cantarell-Bold.otf]/OT:script=latn;language=df
lt;slant=0.141;+liga;+pnum;+lnum;mapping=tex-text;"
(fontspec)             - 'bold italic small caps'  (b/scit) with NFSS spec.: 
(fontspec)             - (eb/n) with NFSS spec.:
(fontspec)             <->s*[1]"[Cantarell-ExtraBold.otf]/OT:script=latn;langua
ge=dflt;+liga;+pnum;+lnum;mapping=tex-text;"
(fontspec)             -  (eb/sc) with NFSS spec.: 
(fontspec)             - (eb/it) with NFSS spec.:
(fontspec)             <->s*[1]"[Cantarell-ExtraBold.otf]/OT:script=latn;langua
ge=dflt;slant=0.141;+liga;+pnum;+lnum;mapping=tex-text;"
(fontspec)             -  (eb/scit) with NFSS spec.: 
(fontspec)             - 'normal' (m/n) with NFSS spec.:
(fontspec)             <->s*[1]"[Cantarell-Regular.otf]/OT:script=latn;language
=dflt;+liga;+pnum;+lnum;mapping=tex-text;"
(fontspec)             - 'small caps'  (m/sc) with NFSS spec.: 
(fontspec)             - 'italic' (m/it) with NFSS spec.:
(fontspec)             <->s*[1]"[Cantarell-Regular.otf]/OT:script=latn;language
=dflt;slant=0.141;+liga;+pnum;+lnum;mapping=tex-text;"
(fontspec)             - 'italic small caps'  (m/scit) with NFSS spec.: 


Package fontspec Info: Cantarell-Regular scale = 0.8941890060908435.


Package fontspec Info: Cantarell-Thin scale = 0.8979127327751181.


Package fontspec Info: Cantarell-Thin scale = 0.8979127327751181.


Package fontspec Info: Cantarell-Light scale = 0.8960470007518345.


Package fontspec Info: Cantarell-Light scale = 0.8960470007518345.


Package fontspec Info: Cantarell-Bold scale = 0.8868278776537962.


Package fontspec Info: Cantarell-Bold scale = 0.8868278776537962.


Package fontspec Info: Cantarell-ExtraBold scale = 0.8795896950427712.


Package fontspec Info: Cantarell-ExtraBold scale = 0.8795896950427712.


Package fontspec Info: Cantarell-Regular scale = 0.8941890060908435.


Package fontspec Info: Cantarell-Regular scale = 0.8941890060908435.


Package fontspec Info: Font family 'cantarell-TOsF' created for font
(fontspec)             'Cantarell' with options
(fontspec)             [Scale=MatchLowercase,Extension=.otf,Ligatures={TeX,Comm
on},Scale=1,FontFace={el}{n}{*-Thin},FontFace={el}{it}{Font=*-Thin,FakeSlant=0.
141},FontFace={l}{n}{*-Light},FontFace={l}{it}{Font=*-Light,FakeSlant=0.141},Up
rightFont={*-Regular},ItalicFont={*-Regular},ItalicFeatures={FakeSlant=0.141},F
ontFace={b}{n}{*-Bold},FontFace={b}{it}{Font=*-Bold,FakeSlant=0.141},BoldFont={
*-Bold},BoldItalicFont={*-Bold},BoldItalicFeatures={FakeSlant=0.141},FontFace={
eb}{n}{*-ExtraBold},FontFace={eb}{it}{Font=*-ExtraBold,FakeSlant=0.141},Numbers
={Monospaced,OldStyle},NFSSFamily=cantarell-TOsF].
(fontspec)              
(fontspec)              This font family consists of the following NFSS
(fontspec)             series/shapes:
(fontspec)              
(fontspec)             - (el/n) with NFSS spec.:
(fontspec)             <->s*[1]"[Cantarell-Thin.otf]/OT:script=latn;language=df
lt;+liga;+tnum;+onum;mapping=tex-text;"
(fontspec)             -  (el/sc) with NFSS spec.: 
(fontspec)             - (el/it) with NFSS spec.:
(fontspec)             <->s*[1]"[Cantarell-Thin.otf]/OT:script=latn;language=df
lt;slant=0.141;+liga;+tnum;+onum;mapping=tex-text;"
(fontspec)             -  (el/scit) with NFSS spec.: 
(fontspec)             - (l/n) with NFSS spec.:
(fontspec)             <->s*[1]"[Cantarell-Light.otf]/OT:script=latn;language=d
flt;+liga;+tnum;+onum;mapping=tex-text;"
(fontspec)             -  (l/sc) with NFSS spec.: 
(fontspec)             - (l/it) with NFSS spec.:
(fontspec)             <->s*[1]"[Cantarell-Light.otf]/OT:script=latn;language=d
flt;slant=0.141;+liga;+tnum;+onum;mapping=tex-text;"
(fontspec)             -  (l/scit) with NFSS spec.: 
(fontspec)             - 'bold' (b/n) with NFSS spec.:
(fontspec)             <->s*[1]"[Cantarell-Bold.otf]/OT:script=latn;language=df
lt;+liga;+tnum;+onum;mapping=tex-text;"
(fontspec)             - 'bold small caps'  (b/sc) with NFSS spec.: 
(fontspec)             - 'bold italic' (b/it) with NFSS spec.:
(fontspec)             <->s*[1]"[Cantarell-Bold.otf]/OT:script=latn;language=df
lt;slant=0.141;+liga;+tnum;+onum;mapping=tex-text;"
(fontspec)             - 'bold italic small caps'  (b/scit) with NFSS spec.: 
(fontspec)             - (eb/n) with NFSS spec.:
(fontspec)             <->s*[1]"[Cantarell-ExtraBold.otf]/OT:script=latn;langua
ge=dflt;+liga;+tnum;+onum;mapping=tex-text;"
(fontspec)             -  (eb/sc) with NFSS spec.: 
(fontspec)             - (eb/it) with NFSS spec.:
(fontspec)             <->s*[1]"[Cantarell-ExtraBold.otf]/OT:script=latn;langua
ge=dflt;slant=0.141;+liga;+tnum;+onum;mapping=tex-text;"
(fontspec)             -  (eb/scit) with NFSS spec.: 
(fontspec)             - 'normal' (m/n) with NFSS spec.:
(fontspec)             <->s*[1]"[Cantarell-Regular.otf]/OT:script=latn;language
=dflt;+liga;+tnum;+onum;mapping=tex-text;"
(fontspec)             - 'small caps'  (m/sc) with NFSS spec.: 
(fontspec)             - 'italic' (m/it) with NFSS spec.:
(fontspec)             <->s*[1]"[Cantarell-Regular.otf]/OT:script=latn;language
=dflt;slant=0.141;+liga;+tnum;+onum;mapping=tex-text;"
(fontspec)             - 'italic small caps'  (m/scit) with NFSS spec.: 


Package fontspec Info: Cantarell-Regular scale = 0.8941890060908435.


Package fontspec Info: Cantarell-Thin scale = 0.8979127327751181.


Package fontspec Info: Cantarell-Thin scale = 0.8979127327751181.


Package fontspec Info: Cantarell-Light scale = 0.8960470007518345.


Package fontspec Info: Cantarell-Light scale = 0.8960470007518345.


Package fontspec Info: Cantarell-Bold scale = 0.8868278776537962.


Package fontspec Info: Cantarell-Bold scale = 0.8868278776537962.


Package fontspec Info: Cantarell-ExtraBold scale = 0.8795896950427712.


Package fontspec Info: Cantarell-ExtraBold scale = 0.8795896950427712.


Package fontspec Info: Cantarell-Regular scale = 0.8941890060908435.


Package fontspec Info: Cantarell-Regular scale = 0.8941890060908435.


Package fontspec Info: Font family 'cantarell-OsF' created for font
(fontspec)             'Cantarell' with options
(fontspec)             [Scale=MatchLowercase,Extension=.otf,Ligatures={TeX,Comm
on},Scale=1,FontFace={el}{n}{*-Thin},FontFace={el}{it}{Font=*-Thin,FakeSlant=0.
141},FontFace={l}{n}{*-Light},FontFace={l}{it}{Font=*-Light,FakeSlant=0.141},Up
rightFont={*-Regular},ItalicFont={*-Regular},ItalicFeatures={FakeSlant=0.141},F
ontFace={b}{n}{*-Bold},FontFace={b}{it}{Font=*-Bold,FakeSlant=0.141},BoldFont={
*-Bold},BoldItalicFont={*-Bold},BoldItalicFeatures={FakeSlant=0.141},FontFace={
eb}{n}{*-ExtraBold},FontFace={eb}{it}{Font=*-ExtraBold,FakeSlant=0.141},Numbers
={Proportional,OldStyle},NFSSFamily=cantarell-OsF].
(fontspec)              
(fontspec)              This font family consists of the following NFSS
(fontspec)             series/shapes:
(fontspec)              
(fontspec)             - (el/n) with NFSS spec.:
(fontspec)             <->s*[1]"[Cantarell-Thin.otf]/OT:script=latn;language=df
lt;+liga;+pnum;+onum;mapping=tex-text;"
(fontspec)             -  (el/sc) with NFSS spec.: 
(fontspec)             - (el/it) with NFSS spec.:
(fontspec)             <->s*[1]"[Cantarell-Thin.otf]/OT:script=latn;language=df
lt;slant=0.141;+liga;+pnum;+onum;mapping=tex-text;"
(fontspec)             -  (el/scit) with NFSS spec.: 
(fontspec)             - (l/n) with NFSS spec.:
(fontspec)             <->s*[1]"[Cantarell-Light.otf]/OT:script=latn;language=d
flt;+liga;+pnum;+onum;mapping=tex-text;"
(fontspec)             -  (l/sc) with NFSS spec.: 
(fontspec)             - (l/it) with NFSS spec.:
(fontspec)             <->s*[1]"[Cantarell-Light.otf]/OT:script=latn;language=d
flt;slant=0.141;+liga;+pnum;+onum;mapping=tex-text;"
(fontspec)             -  (l/scit) with NFSS spec.: 
(fontspec)             - 'bold' (b/n) with NFSS spec.:
(fontspec)             <->s*[1]"[Cantarell-Bold.otf]/OT:script=latn;language=df
lt;+liga;+pnum;+onum;mapping=tex-text;"
(fontspec)             - 'bold small caps'  (b/sc) with NFSS spec.: 
(fontspec)             - 'bold italic' (b/it) with NFSS spec.:
(fontspec)             <->s*[1]"[Cantarell-Bold.otf]/OT:script=latn;language=df
lt;slant=0.141;+liga;+pnum;+onum;mapping=tex-text;"
(fontspec)             - 'bold italic small caps'  (b/scit) with NFSS spec.: 
(fontspec)             - (eb/n) with NFSS spec.:
(fontspec)             <->s*[1]"[Cantarell-ExtraBold.otf]/OT:script=latn;langua
ge=dflt;+liga;+pnum;+onum;mapping=tex-text;"
(fontspec)             -  (eb/sc) with NFSS spec.: 
(fontspec)             - (eb/it) with NFSS spec.:
(fontspec)             <->s*[1]"[Cantarell-ExtraBold.otf]/OT:script=latn;langua
ge=dflt;slant=0.141;+liga;+pnum;+onum;mapping=tex-text;"
(fontspec)             -  (eb/scit) with NFSS spec.: 
(fontspec)             - 'normal' (m/n) with NFSS spec.:
(fontspec)             <->s*[1]"[Cantarell-Regular.otf]/OT:script=latn;language
=dflt;+liga;+pnum;+onum;mapping=tex-text;"
(fontspec)             - 'small caps'  (m/sc) with NFSS spec.: 
(fontspec)             - 'italic' (m/it) with NFSS spec.:
(fontspec)             <->s*[1]"[Cantarell-Regular.otf]/OT:script=latn;language
=dflt;slant=0.141;+liga;+pnum;+onum;mapping=tex-text;"
(fontspec)             - 'italic small caps'  (m/scit) with NFSS spec.: 


Package fontspec Info: Cantarell-Regular scale = 0.8941890060908435.


Package fontspec Info: Cantarell-Thin scale = 0.8979127327751181.


Package fontspec Info: Cantarell-Thin scale = 0.8979127327751181.


Package fontspec Info: Cantarell-Light scale = 0.8960470007518345.


Package fontspec Info: Cantarell-Light scale = 0.8960470007518345.


Package fontspec Info: Cantarell-Bold scale = 0.8868278776537962.


Package fontspec Info: Cantarell-Bold scale = 0.8868278776537962.


Package fontspec Info: Cantarell-ExtraBold scale = 0.8795896950427712.


Package fontspec Info: Cantarell-ExtraBold scale = 0.8795896950427712.


Package fontspec Info: Cantarell-Regular scale = 0.8941890060908435.


Package fontspec Info: Cantarell-Regular scale = 0.8941890060908435.


Package fontspec Info: Font family 'fca' created for font 'Cantarell' with
(fontspec)             options
(fontspec)             [Scale=MatchLowercase,Extension=.otf,Ligatures={TeX,Comm
on},Scale=1,FontFace={el}{n}{*-Thin},FontFace={el}{it}{Font=*-Thin,FakeSlant=0.
141},FontFace={l}{n}{*-Light},FontFace={l}{it}{Font=*-Light,FakeSlant=0.141},Up
rightFont={*-Regular},ItalicFont={*-Regular},ItalicFeatures={FakeSlant=0.141},F
ontFace={b}{n}{*-Bold},FontFace={b}{it}{Font=*-Bold,FakeSlant=0.141},BoldFont={
*-Bold},BoldItalicFont={*-Bold},BoldItalicFeatures={FakeSlant=0.141},FontFace={
eb}{n}{*-ExtraBold},FontFace={eb}{it}{Font=*-ExtraBold,FakeSlant=0.141},Numbers
={Monospaced,Lining},NFSSFamily=fca].
(fontspec)              
(fontspec)              This font family consists of the following NFSS
(fontspec)             series/shapes:
(fontspec)              
(fontspec)             - (el/n) with NFSS spec.:
(fontspec)             <->s*[1]"[Cantarell-Thin.otf]/OT:script=latn;language=df
lt;+liga;+tnum;+lnum;mapping=tex-text;"
(fontspec)             -  (el/sc) with NFSS spec.: 
(fontspec)             - (el/it) with NFSS spec.:
(fontspec)             <->s*[1]"[Cantarell-Thin.otf]/OT:script=latn;language=df
lt;slant=0.141;+liga;+tnum;+lnum;mapping=tex-text;"
(fontspec)             -  (el/scit) with NFSS spec.: 
(fontspec)             - (l/n) with NFSS spec.:
(fontspec)             <->s*[1]"[Cantarell-Light.otf]/OT:script=latn;language=d
flt;+liga;+tnum;+lnum;mapping=tex-text;"
(fontspec)             -  (l/sc) with NFSS spec.: 
(fontspec)             - (l/it) with NFSS spec.:
(fontspec)             <->s*[1]"[Cantarell-Light.otf]/OT:script=latn;language=d
flt;slant=0.141;+liga;+tnum;+lnum;mapping=tex-text;"
(fontspec)             -  (l/scit) with NFSS spec.: 
(fontspec)             - 'bold' (b/n) with NFSS spec.:
(fontspec)             <->s*[1]"[Cantarell-Bold.otf]/OT:script=latn;language=df
lt;+liga;+tnum;+lnum;mapping=tex-text;"
(fontspec)             - 'bold small caps'  (b/sc) with NFSS spec.: 
(fontspec)             - 'bold italic' (b/it) with NFSS spec.:
(fontspec)             <->s*[1]"[Cantarell-Bold.otf]/OT:script=latn;language=df
lt;slant=0.141;+liga;+tnum;+lnum;mapping=tex-text;"
(fontspec)             - 'bold italic small caps'  (b/scit) with NFSS spec.: 
(fontspec)             - (eb/n) with NFSS spec.:
(fontspec)             <->s*[1]"[Cantarell-ExtraBold.otf]/OT:script=latn;langua
ge=dflt;+liga;+tnum;+lnum;mapping=tex-text;"
(fontspec)             -  (eb/sc) with NFSS spec.: 
(fontspec)             - (eb/it) with NFSS spec.:
(fontspec)             <->s*[1]"[Cantarell-ExtraBold.otf]/OT:script=latn;langua
ge=dflt;slant=0.141;+liga;+tnum;+lnum;mapping=tex-text;"
(fontspec)             -  (eb/scit) with NFSS spec.: 
(fontspec)             - 'normal' (m/n) with NFSS spec.:
(fontspec)             <->s*[1]"[Cantarell-Regular.otf]/OT:script=latn;language
=dflt;+liga;+tnum;+lnum;mapping=tex-text;"
(fontspec)             - 'small caps'  (m/sc) with NFSS spec.: 
(fontspec)             - 'italic' (m/it) with NFSS spec.:
(fontspec)             <->s*[1]"[Cantarell-Regular.otf]/OT:script=latn;language
=dflt;slant=0.141;+liga;+tnum;+lnum;mapping=tex-text;"
(fontspec)             - 'italic small caps'  (m/scit) with NFSS spec.: 


Package fontspec Info: Cantarell-Regular scale = 0.8941890060908435.


Package fontspec Info: Cantarell-Thin scale = 0.8979127327751181.


Package fontspec Info: Cantarell-Thin scale = 0.8979127327751181.


Package fontspec Info: Cantarell-Light scale = 0.8960470007518345.


Package fontspec Info: Cantarell-Light scale = 0.8960470007518345.


Package fontspec Info: Cantarell-Bold scale = 0.8868278776537962.


Package fontspec Info: Cantarell-Bold scale = 0.8868278776537962.


Package fontspec Info: Cantarell-ExtraBold scale = 0.8795896950427712.


Package fontspec Info: Cantarell-ExtraBold scale = 0.8795896950427712.


Package fontspec Info: Cantarell-Regular scale = 0.8941890060908435.


Package fontspec Info: Cantarell-Regular scale = 0.8941890060908435.


Package fontspec Info: Font family 'Cantarell(0)' created for font 'Cantarell'
(fontspec)             with options
(fontspec)             [Scale=MatchLowercase,Ligatures=TeX,Scale=1,Extension=.o
tf,Ligatures={TeX,Common},Scale=1,FontFace={el}{n}{*-Thin},FontFace={el}{it}{Fo
nt=*-Thin,FakeSlant=0.141},FontFace={l}{n}{*-Light},FontFace={l}{it}{Font=*-Lig
ht,FakeSlant=0.141},UprightFont={*-Regular},ItalicFont={*-Regular},ItalicFeatur
es={FakeSlant=0.141},FontFace={b}{n}{*-Bold},FontFace={b}{it}{Font=*-Bold,FakeS
lant=0.141},BoldFont={*-Bold},BoldItalicFont={*-Bold},BoldItalicFeatures={FakeS
lant=0.141},FontFace={eb}{n}{*-ExtraBold},FontFace={eb}{it}{Font=*-ExtraBold,Fa
keSlant=0.141},Numbers={Monospaced,Lining}].
(fontspec)              
(fontspec)              This font family consists of the following NFSS
(fontspec)             series/shapes:
(fontspec)              
(fontspec)             - (el/n) with NFSS spec.:
(fontspec)             <->s*[1]"[Cantarell-Thin.otf]/OT:script=latn;language=df
lt;+liga;+tnum;+lnum;mapping=tex-text;"
(fontspec)             -  (el/sc) with NFSS spec.: 
(fontspec)             - (el/it) with NFSS spec.:
(fontspec)             <->s*[1]"[Cantarell-Thin.otf]/OT:script=latn;language=df
lt;slant=0.141;+liga;+tnum;+lnum;mapping=tex-text;"
(fontspec)             -  (el/scit) with NFSS spec.: 
(fontspec)             - (l/n) with NFSS spec.:
(fontspec)             <->s*[1]"[Cantarell-Light.otf]/OT:script=latn;language=d
flt;+liga;+tnum;+lnum;mapping=tex-text;"
(fontspec)             -  (l/sc) with NFSS spec.: 
(fontspec)             - (l/it) with NFSS spec.:
(fontspec)             <->s*[1]"[Cantarell-Light.otf]/OT:script=latn;language=d
flt;slant=0.141;+liga;+tnum;+lnum;mapping=tex-text;"
(fontspec)             -  (l/scit) with NFSS spec.: 
(fontspec)             - 'bold' (b/n) with NFSS spec.:
(fontspec)             <->s*[1]"[Cantarell-Bold.otf]/OT:script=latn;language=df
lt;+liga;+tnum;+lnum;mapping=tex-text;"
(fontspec)             - 'bold small caps'  (b/sc) with NFSS spec.: 
(fontspec)             - 'bold italic' (b/it) with NFSS spec.:
(fontspec)             <->s*[1]"[Cantarell-Bold.otf]/OT:script=latn;language=df
lt;slant=0.141;+liga;+tnum;+lnum;mapping=tex-text;"
(fontspec)             - 'bold italic small caps'  (b/scit) with NFSS spec.: 
(fontspec)             - (eb/n) with NFSS spec.:
(fontspec)             <->s*[1]"[Cantarell-ExtraBold.otf]/OT:script=latn;langua
ge=dflt;+liga;+tnum;+lnum;mapping=tex-text;"
(fontspec)             -  (eb/sc) with NFSS spec.: 
(fontspec)             - (eb/it) with NFSS spec.:
(fontspec)             <->s*[1]"[Cantarell-ExtraBold.otf]/OT:script=latn;langua
ge=dflt;slant=0.141;+liga;+tnum;+lnum;mapping=tex-text;"
(fontspec)             -  (eb/scit) with NFSS spec.: 
(fontspec)             - 'normal' (m/n) with NFSS spec.:
(fontspec)             <->s*[1]"[Cantarell-Regular.otf]/OT:script=latn;language
=dflt;+liga;+tnum;+lnum;mapping=tex-text;"
(fontspec)             - 'small caps'  (m/sc) with NFSS spec.: 
(fontspec)             - 'italic' (m/it) with NFSS spec.:
(fontspec)             <->s*[1]"[Cantarell-Regular.otf]/OT:script=latn;language
=dflt;slant=0.141;+liga;+tnum;+lnum;mapping=tex-text;"
(fontspec)             - 'italic small caps'  (m/scit) with NFSS spec.: 

LaTeX Font Info:    Font shape `TU/Cantarell(0)/m/n' will be
(Font)              scaled to size 10.0pt on input line 151.
Requested font "[Cantarell-Regular.otf]/OT:script=latn;language=dflt;+liga;+tnu
m;+lnum;mapping=tex-text;" at 10.0pt
 -> /usr/local/texlive/2020/texmf-dist/fonts/opentype/gnome/cantarell/Cantarell
-Regular.otf

Package fontspec Info: Cantarell-Regular scale = 1.


Package fontspec Info: Cantarell-Thin scale = 1.004164361962527.


Package fontspec Info: Cantarell-Thin scale = 1.004164361962527.


Package fontspec Info: Cantarell-Light scale = 1.002077854512117.


Package fontspec Info: Cantarell-Light scale = 1.002077854512117.


Package fontspec Info: Cantarell-Bold scale = 0.9917678159909075.


Package fontspec Info: Cantarell-Bold scale = 0.9917678159909075.


Package fontspec Info: Cantarell-ExtraBold scale = 0.9836731262086339.


Package fontspec Info: Cantarell-ExtraBold scale = 0.9836731262086339.


Package fontspec Info: Cantarell-Regular scale = 1.


Package fontspec Info: Cantarell-Regular scale = 1.


Package fontspec Info: Font family 'Cantarell(1)' created for font 'Cantarell'
(fontspec)             with options
(fontspec)             [Scale=MatchLowercase,Extension=.otf,Ligatures={TeX,Comm
on},Scale=1,FontFace={el}{n}{*-Thin},FontFace={el}{it}{Font=*-Thin,FakeSlant=0.
141},FontFace={l}{n}{*-Light},FontFace={l}{it}{Font=*-Light,FakeSlant=0.141},Up
rightFont={*-Regular},ItalicFont={*-Regular},ItalicFeatures={FakeSlant=0.141},F
ontFace={b}{n}{*-Bold},FontFace={b}{it}{Font=*-Bold,FakeSlant=0.141},BoldFont={
*-Bold},BoldItalicFont={*-Bold},BoldItalicFeatures={FakeSlant=0.141},FontFace={
eb}{n}{*-ExtraBold},FontFace={eb}{it}{Font=*-ExtraBold,FakeSlant=0.141},Numbers
={Monospaced,Lining}].
(fontspec)              
(fontspec)              This font family consists of the following NFSS
(fontspec)             series/shapes:
(fontspec)              
(fontspec)             - (el/n) with NFSS spec.:
(fontspec)             <->s*[1]"[Cantarell-Thin.otf]/OT:script=latn;language=df
lt;+liga;+tnum;+lnum;mapping=tex-text;"
(fontspec)             -  (el/sc) with NFSS spec.: 
(fontspec)             - (el/it) with NFSS spec.:
(fontspec)             <->s*[1]"[Cantarell-Thin.otf]/OT:script=latn;language=df
lt;slant=0.141;+liga;+tnum;+lnum;mapping=tex-text;"
(fontspec)             -  (el/scit) with NFSS spec.: 
(fontspec)             - (l/n) with NFSS spec.:
(fontspec)             <->s*[1]"[Cantarell-Light.otf]/OT:script=latn;language=d
flt;+liga;+tnum;+lnum;mapping=tex-text;"
(fontspec)             -  (l/sc) with NFSS spec.: 
(fontspec)             - (l/it) with NFSS spec.:
(fontspec)             <->s*[1]"[Cantarell-Light.otf]/OT:script=latn;language=d
flt;slant=0.141;+liga;+tnum;+lnum;mapping=tex-text;"
(fontspec)             -  (l/scit) with NFSS spec.: 
(fontspec)             - 'bold' (b/n) with NFSS spec.:
(fontspec)             <->s*[1]"[Cantarell-Bold.otf]/OT:script=latn;language=df
lt;+liga;+tnum;+lnum;mapping=tex-text;"
(fontspec)             - 'bold small caps'  (b/sc) with NFSS spec.: 
(fontspec)             - 'bold italic' (b/it) with NFSS spec.:
(fontspec)             <->s*[1]"[Cantarell-Bold.otf]/OT:script=latn;language=df
lt;slant=0.141;+liga;+tnum;+lnum;mapping=tex-text;"
(fontspec)             - 'bold italic small caps'  (b/scit) with NFSS spec.: 
(fontspec)             - (eb/n) with NFSS spec.:
(fontspec)             <->s*[1]"[Cantarell-ExtraBold.otf]/OT:script=latn;langua
ge=dflt;+liga;+tnum;+lnum;mapping=tex-text;"
(fontspec)             -  (eb/sc) with NFSS spec.: 
(fontspec)             - (eb/it) with NFSS spec.:
(fontspec)             <->s*[1]"[Cantarell-ExtraBold.otf]/OT:script=latn;langua
ge=dflt;slant=0.141;+liga;+tnum;+lnum;mapping=tex-text;"
(fontspec)             -  (eb/scit) with NFSS spec.: 
(fontspec)             - 'normal' (m/n) with NFSS spec.:
(fontspec)             <->s*[1]"[Cantarell-Regular.otf]/OT:script=latn;language
=dflt;+liga;+tnum;+lnum;mapping=tex-text;"
(fontspec)             - 'small caps'  (m/sc) with NFSS spec.: 
(fontspec)             - 'italic' (m/it) with NFSS spec.:
(fontspec)             <->s*[1]"[Cantarell-Regular.otf]/OT:script=latn;language
=dflt;slant=0.141;+liga;+tnum;+lnum;mapping=tex-text;"
(fontspec)             - 'italic small caps'  (m/scit) with NFSS spec.: 

LaTeX Font Info:    Overwriting math alphabet `\mathrm' in version `normal'
(Font)                  OT1/lmr/m/n --> TU/Cantarell(1)/m/n on input line 151.
LaTeX Font Info:    Overwriting math alphabet `\mathit' in version `normal'
(Font)                  OT1/lmr/m/it --> TU/Cantarell(1)/m/it on input line 151
.
LaTeX Font Info:    Overwriting math alphabet `\mathbf' in version `normal'
(Font)                  OT1/lmr/bx/n --> TU/Cantarell(1)/b/n on input line 151.

) (/usr/local/texlive/2020/texmf-dist/tex/latex/colortbl/colortbl.sty
Package: colortbl 2020/01/04 v1.0e Color table columns (DPC)
(/usr/local/texlive/2020/texmf-dist/tex/latex/tools/array.sty
Package: array 2019/08/31 v2.4l Tabular extension package (FMi)
\col@sep=\dimen177
\ar@mcellbox=\box54
\extrarowheight=\dimen178
\NC@list=\toks27
\extratabsurround=\skip57
\backup@length=\skip58
\ar@cellbox=\box55
)
\everycr=\toks28
\minrowclearance=\skip59
) (/usr/local/texlive/2020/texmf-dist/tex/latex/siunitx/siunitx.sty
Package: siunitx 2020/02/25 v2.8b A comprehensive (SI) units package
\l__siunitx_tmp_box=\box56
\l__siunitx_tmp_dim=\dimen179
\l__siunitx_tmp_int=\count300
\l__siunitx_number_mantissa_length_int=\count301
\l__siunitx_number_uncert_length_int=\count302
\l__siunitx_round_int=\count303
\l__siunitx_process_decimal_int=\count304
\l__siunitx_process_uncertainty_int=\count305
\l__siunitx_process_fixed_int=\count306
\l__siunitx_process_integer_min_int=\count307
\l__siunitx_process_precision_int=\count308
\l__siunitx_group_min_int=\count309
\l__siunitx_angle_marker_box=\box57
\l__siunitx_angle_unit_box=\box58
\l__siunitx_angle_marker_dim=\dimen180
\l__siunitx_angle_unit_dim=\dimen181
\l__siunitx_unit_int=\count310
\l__siunitx_unit_denominator_int=\count311
\l__siunitx_unit_numerator_int=\count312
\l__siunitx_unit_prefix_int=\count313
\l__siunitx_unit_prefix_base_int=\count314
\l__siunitx_unit_prefix_gram_int=\count315
\l__siunitx_number_product_int=\count316
\c__siunitx_one_fill_skip=\skip60
\l__siunitx_table_unit_align_skip=\skip61
\l__siunitx_table_exponent_dim=\dimen182
\l__siunitx_table_integer_dim=\dimen183
\l__siunitx_table_mantissa_dim=\dimen184
\l__siunitx_table_marker_dim=\dimen185
\l__siunitx_table_result_dim=\dimen186
\l__siunitx_table_uncert_dim=\dimen187
\l__siunitx_table_fill_pre_dim=\dimen188
\l__siunitx_table_fill_post_dim=\dimen189
\l__siunitx_table_fill_mid_dim=\dimen190
\l__siunitx_table_pre_box=\box59
\l__siunitx_table_post_box=\box60
\l__siunitx_table_mantissa_box=\box61
\l__siunitx_table_result_box=\box62
\l__siunitx_table_number_align_skip=\skip62
\l__siunitx_table_text_align_skip=\skip63
(/usr/local/texlive/2020/texmf-dist/tex/latex/translator/translator.sty
Package: translator 2019-05-31 v1.12a Easy translation of strings in LaTeX
)) (/usr/local/texlive/2020/texmf-dist/tex/latex/framed/framed.sty
Package: framed 2011/10/22 v 0.96: framed or shaded text with page breaks
\OuterFrameSep=\skip64
\fb@frw=\dimen191
\fb@frh=\dimen192
\FrameRule=\dimen193
\FrameSep=\dimen194
) (/usr/local/texlive/2020/texmf-dist/tex/latex/grffile/grffile.sty
Package: grffile 2019/11/11 v2.1 Extended file name support for graphics (legac
y)
Package grffile Info: This package is an empty stub for compatibility on input 
line 40.
) (/usr/local/texlive/2020/texmf-dist/tex/latex/morefloats/morefloats.sty
Package: morefloats 2015/07/22 v1.0h Raise limit of unprocessed floats (HMM)
Package morefloats Info: Maximum number of possible floats asked for: 36
(morefloats)             (i.e. 18 more floats).
(morefloats)             LaTeX might run out of memory before this
(morefloats)             (in which case it will notify you).
) (/usr/local/texlive/2020/texmf-dist/tex/latex/caption/caption.sty
Package: caption 2020/01/03 v3.4h Customizing captions (AR)
(/usr/local/texlive/2020/texmf-dist/tex/latex/caption/caption3.sty
Package: caption3 2020/01/03 v1.8h caption3 kernel (AR)
Package caption3 Info: TeX engine: e-TeX on input line 61.
\captionmargin=\dimen195
\captionmargin@=\dimen196
\captionwidth=\dimen197
\caption@tempdima=\dimen198
\caption@indent=\dimen199
\caption@parindent=\dimen256
\caption@hangindent=\dimen257
Package caption Info: Standard document class detected.
)
\c@caption@flags=\count317
\c@continuedfloat=\count318
Package caption Info: hyperref package is loaded.
Package caption Info: longtable package is loaded.
(/usr/local/texlive/2020/texmf-dist/tex/latex/caption/ltcaption.sty
Package: ltcaption 2018/08/26 v1.4a longtable captions (AR)
)) (/usr/local/texlive/2020/texmf-dist/tex/latex/amscls/amsthm.sty
Package: amsthm 2017/10/31 v2.20.4
\thm@style=\toks29
\thm@bodyfont=\toks30
\thm@headfont=\toks31
\thm@notefont=\toks32
\thm@headpunct=\toks33
\thm@preskip=\skip65
\thm@postskip=\skip66
\thm@headsep=\skip67
\dth@everypar=\toks34
)
No file _main.aux.
\openout1 = `_main.aux'.

LaTeX Font Info:    Checking defaults for OML/cmm/m/it on input line 188.
LaTeX Font Info:    ... okay on input line 188.
LaTeX Font Info:    Checking defaults for OMS/cmsy/m/n on input line 188.
LaTeX Font Info:    ... okay on input line 188.
LaTeX Font Info:    Checking defaults for OT1/cmr/m/n on input line 188.
LaTeX Font Info:    ... okay on input line 188.
LaTeX Font Info:    Checking defaults for T1/cmr/m/n on input line 188.
LaTeX Font Info:    ... okay on input line 188.
LaTeX Font Info:    Checking defaults for TS1/cmr/m/n on input line 188.
LaTeX Font Info:    ... okay on input line 188.
LaTeX Font Info:    Checking defaults for TU/lmr/m/n on input line 188.
LaTeX Font Info:    ... okay on input line 188.
LaTeX Font Info:    Checking defaults for OMX/cmex/m/n on input line 188.
LaTeX Font Info:    ... okay on input line 188.
LaTeX Font Info:    Checking defaults for U/cmr/m/n on input line 188.
LaTeX Font Info:    ... okay on input line 188.
LaTeX Font Info:    Checking defaults for PD1/pdf/m/n on input line 188.
LaTeX Font Info:    ... okay on input line 188.
LaTeX Font Info:    Checking defaults for PU/pdf/m/n on input line 188.
LaTeX Font Info:    ... okay on input line 188.
LaTeX Font Info:    Overwriting math alphabet `\mathsf' in version `normal'
(Font)                  OT1/lmss/m/n --> TU/lmss/m/n on input line 188.
LaTeX Font Info:    Overwriting math alphabet `\mathsf' in version `bold'
(Font)                  OT1/lmss/bx/n --> TU/lmss/b/n on input line 188.
LaTeX Font Info:    Overwriting math alphabet `\mathtt' in version `normal'
(Font)                  OT1/lmtt/m/n --> TU/lmtt/m/n on input line 188.
LaTeX Font Info:    Overwriting math alphabet `\mathtt' in version `bold'
(Font)                  OT1/lmtt/m/n --> TU/lmtt/b/n on input line 188.
Requested font "[latinmodern-math.otf]/OT" at 9.99997pt
 -> /usr/local/texlive/2020/texmf-dist/fonts/opentype/public/lm-math/latinmoder
n-math.otf
Requested font "[latinmodern-math.otf]/OT" at 10.00003pt
 -> /usr/local/texlive/2020/texmf-dist/fonts/opentype/public/lm-math/latinmoder
n-math.otf

Package fontspec Info: latinmodern-math scale = 1.118327839949586.

Requested font "[latinmodern-math.otf]/OT:script=math;language=dflt;" at 10.000
03pt
 -> /usr/local/texlive/2020/texmf-dist/fonts/opentype/public/lm-math/latinmoder
n-math.otf

Package fontspec Info: latinmodern-math scale = 1.118327839949586.


Package fontspec Info: latinmodern-math scale = 1.118327839949586.


Package fontspec Info: Font family 'latinmodern-math.otf(0)' created for font
(fontspec)             'latinmodern-math.otf' with options
(fontspec)             [Scale=MatchLowercase,BoldItalicFont={},ItalicFont={},Sm
allCapsFont={},Script=Math,BoldFont={latinmodern-math.otf}].
(fontspec)              
(fontspec)              This font family consists of the following NFSS
(fontspec)             series/shapes:
(fontspec)              
(fontspec)             - 'normal' (m/n) with NFSS spec.:
(fontspec)             <->s*[1.118327839949586]"[latinmodern-math.otf]/OT:scrip
t=math;language=dflt;"
(fontspec)             - 'small caps'  (m/sc) with NFSS spec.: 
(fontspec)             - 'bold' (b/n) with NFSS spec.:
(fontspec)             <->s*[1.118327839949586]"[latinmodern-math.otf]/OT:scrip
t=math;language=dflt;"
(fontspec)             - 'bold small caps'  (b/sc) with NFSS spec.: 

LaTeX Font Info:    Font shape `TU/latinmodern-math.otf(0)/m/n' will be
(Font)              scaled to size 11.18332pt on input line 188.
Requested font "[latinmodern-math.otf]/OT:script=math;language=dflt;" at 11.183
32pt
 -> /usr/local/texlive/2020/texmf-dist/fonts/opentype/public/lm-math/latinmoder
n-math.otf

Package fontspec Info: latinmodern-math scale = 1.118327839949586.


Package fontspec Info: latinmodern-math scale = 1.118327839949586.


Package fontspec Info: latinmodern-math scale = 1.118327839949586.


Package fontspec Info: latinmodern-math scale = 1.118327839949586.


Package fontspec Info: latinmodern-math scale = 1.118327839949586.


Package fontspec Info: Font family 'latinmodern-math.otf(1)' created for font
(fontspec)             'latinmodern-math.otf' with options
(fontspec)             [Scale=MatchLowercase,BoldItalicFont={},ItalicFont={},Sm
allCapsFont={},Script=Math,SizeFeatures={{Size=8.5-},{Size=6-8.5,Font=latinmode
rn-math.otf,Style=MathScript},{Size=-6,Font=latinmodern-math.otf,Style=MathScri
ptScript}},BoldFont={latinmodern-math.otf}].
(fontspec)              
(fontspec)              This font family consists of the following NFSS
(fontspec)             series/shapes:
(fontspec)              
(fontspec)             - 'normal' (m/n) with NFSS spec.:
(fontspec)             <8.5->s*[1.118327839949586]"[latinmodern-math.otf]/OT:sc
ript=math;language=dflt;"<6-8.5>s*[1.118327839949586]"[latinmodern-math.otf]/OT
:script=math;language=dflt;+ssty=0;"<-6>s*[1.118327839949586]"[latinmodern-math
.otf]/OT:script=math;language=dflt;+ssty=1;"
(fontspec)             - 'small caps'  (m/sc) with NFSS spec.: 
(fontspec)             - 'bold' (b/n) with NFSS spec.:
(fontspec)             <->s*[1.118327839949586]"[latinmodern-math.otf]/OT:scrip
t=math;language=dflt;"
(fontspec)             - 'bold small caps'  (b/sc) with NFSS spec.: 

LaTeX Font Info:    Font shape `TU/latinmodern-math.otf(1)/m/n' will be
(Font)              scaled to size 11.18332pt on input line 188.
LaTeX Font Info:    Encoding `OT1' has changed to `TU' for symbol font
(Font)              `operators' in the math version `normal' on input line 188.

LaTeX Font Info:    Overwriting symbol font `operators' in version `normal'
(Font)                  OT1/lmr/m/n --> TU/latinmodern-math.otf(1)/m/n on input
 line 188.
LaTeX Font Info:    Encoding `OT1' has changed to `TU' for symbol font
(Font)              `operators' in the math version `bold' on input line 188.
LaTeX Font Info:    Overwriting symbol font `operators' in version `bold'
(Font)                  OT1/lmr/bx/n --> TU/latinmodern-math.otf(1)/b/n on inpu
t line 188.

Package fontspec Info: latinmodern-math scale = 1.118327839949586.


Package fontspec Info: latinmodern-math scale = 1.118439672733581.


Package fontspec Info: latinmodern-math scale = 1.118327839949586.


Package fontspec Info: latinmodern-math scale = 1.118439672733581.


Package fontspec Info: latinmodern-math scale = 1.118327839949586.


Package fontspec Info: latinmodern-math scale = 1.118439672733581.


Package fontspec Info: latinmodern-math scale = 1.118327839949586.


Package fontspec Info: latinmodern-math scale = 1.118439672733581.


Package fontspec Info: latinmodern-math scale = 1.118327839949586.


Package fontspec Info: latinmodern-math scale = 1.118439672733581.


Package fontspec Info: Font family 'latinmodern-math.otf(2)' created for font
(fontspec)             'latinmodern-math.otf' with options
(fontspec)             [Scale=MatchLowercase,BoldItalicFont={},ItalicFont={},Sm
allCapsFont={},Script=Math,SizeFeatures={{Size=8.5-},{Size=6-8.5,Font=latinmode
rn-math.otf,Style=MathScript},{Size=-6,Font=latinmodern-math.otf,Style=MathScri
ptScript}},BoldFont={latinmodern-math.otf},ScaleAgain=1.0001,FontAdjustment={\f
ontdimen
(fontspec)             8\font =7.5711pt\relax \fontdimen 9\font
(fontspec)             =4.40623pt\relax \fontdimen 10\font =4.9654pt\relax
(fontspec)             \fontdimen 11\font =7.67175pt\relax \fontdimen 12\font
(fontspec)             =3.85825pt\relax \fontdimen 13\font =4.05954pt\relax
(fontspec)             \fontdimen 14\font =4.05954pt\relax \fontdimen 15\font
(fontspec)             =3.23198pt\relax \fontdimen 16\font =2.76228pt\relax
(fontspec)             \fontdimen 17\font =2.76228pt\relax \fontdimen 18\font
(fontspec)             =2.79584pt\relax \fontdimen 19\font =2.23666pt\relax
(fontspec)             \fontdimen 22\font =2.79584pt\relax \fontdimen 20\font
(fontspec)             =0pt\relax \fontdimen 21\font =0pt\relax }].
(fontspec)              
(fontspec)              This font family consists of the following NFSS
(fontspec)             series/shapes:
(fontspec)              
(fontspec)             - 'normal' (m/n) with NFSS spec.:
(fontspec)             <8.5->s*[1.118439672733581]"[latinmodern-math.otf]/OT:sc
ript=math;language=dflt;"<6-8.5>s*[1.118439672733581]"[latinmodern-math.otf]/OT
:script=math;language=dflt;+ssty=0;"<-6>s*[1.118439672733581]"[latinmodern-math
.otf]/OT:script=math;language=dflt;+ssty=1;"
(fontspec)             - 'small caps'  (m/sc) with NFSS spec.: 
(fontspec)             and font adjustment code:
(fontspec)             \fontdimen 8\font =7.5711pt\relax \fontdimen 9\font
(fontspec)             =4.40623pt\relax \fontdimen 10\font =4.9654pt\relax
(fontspec)             \fontdimen 11\font =7.67175pt\relax \fontdimen 12\font
(fontspec)             =3.85825pt\relax \fontdimen 13\font =4.05954pt\relax
(fontspec)             \fontdimen 14\font =4.05954pt\relax \fontdimen 15\font
(fontspec)             =3.23198pt\relax \fontdimen 16\font =2.76228pt\relax
(fontspec)             \fontdimen 17\font =2.76228pt\relax \fontdimen 18\font
(fontspec)             =2.79584pt\relax \fontdimen 19\font =2.23666pt\relax
(fontspec)             \fontdimen 22\font =2.79584pt\relax \fontdimen 20\font
(fontspec)             =0pt\relax \fontdimen 21\font =0pt\relax 
(fontspec)             - 'bold' (b/n) with NFSS spec.:
(fontspec)             <->s*[1.118439672733581]"[latinmodern-math.otf]/OT:scrip
t=math;language=dflt;"
(fontspec)             - 'bold small caps'  (b/sc) with NFSS spec.: 
(fontspec)             and font adjustment code:
(fontspec)             \fontdimen 8\font =7.5711pt\relax \fontdimen 9\font
(fontspec)             =4.40623pt\relax \fontdimen 10\font =4.9654pt\relax
(fontspec)             \fontdimen 11\font =7.67175pt\relax \fontdimen 12\font
(fontspec)             =3.85825pt\relax \fontdimen 13\font =4.05954pt\relax
(fontspec)             \fontdimen 14\font =4.05954pt\relax \fontdimen 15\font
(fontspec)             =3.23198pt\relax \fontdimen 16\font =2.76228pt\relax
(fontspec)             \fontdimen 17\font =2.76228pt\relax \fontdimen 18\font
(fontspec)             =2.79584pt\relax \fontdimen 19\font =2.23666pt\relax
(fontspec)             \fontdimen 22\font =2.79584pt\relax \fontdimen 20\font
(fontspec)             =0pt\relax \fontdimen 21\font =0pt\relax 

LaTeX Font Info:    Encoding `OMS' has changed to `TU' for symbol font
(Font)              `symbols' in the math version `normal' on input line 188.
LaTeX Font Info:    Overwriting symbol font `symbols' in version `normal'
(Font)                  OMS/lmsy/m/n --> TU/latinmodern-math.otf(2)/m/n on inpu
t line 188.
LaTeX Font Info:    Encoding `OMS' has changed to `TU' for symbol font
(Font)              `symbols' in the math version `bold' on input line 188.
LaTeX Font Info:    Overwriting symbol font `symbols' in version `bold'
(Font)                  OMS/lmsy/b/n --> TU/latinmodern-math.otf(2)/b/n on inpu
t line 188.

Package fontspec Info: latinmodern-math scale = 1.118327839949586.


Package fontspec Info: latinmodern-math scale = 1.118216007165591.


Package fontspec Info: latinmodern-math scale = 1.118327839949586.


Package fontspec Info: latinmodern-math scale = 1.118216007165591.


Package fontspec Info: latinmodern-math scale = 1.118327839949586.


Package fontspec Info: latinmodern-math scale = 1.118216007165591.


Package fontspec Info: latinmodern-math scale = 1.118327839949586.


Package fontspec Info: latinmodern-math scale = 1.118216007165591.


Package fontspec Info: latinmodern-math scale = 1.118327839949586.


Package fontspec Info: latinmodern-math scale = 1.118216007165591.


Package fontspec Info: Font family 'latinmodern-math.otf(3)' created for font
(fontspec)             'latinmodern-math.otf' with options
(fontspec)             [Scale=MatchLowercase,BoldItalicFont={},ItalicFont={},Sm
allCapsFont={},Script=Math,SizeFeatures={{Size=8.5-},{Size=6-8.5,Font=latinmode
rn-math.otf,Style=MathScript},{Size=-6,Font=latinmodern-math.otf,Style=MathScri
ptScript}},BoldFont={latinmodern-math.otf},ScaleAgain=0.9999,FontAdjustment={\f
ontdimen
(fontspec)             8\font =0.44733pt\relax \fontdimen 9\font
(fontspec)             =2.23666pt\relax \fontdimen 10\font =1.86761pt\relax
(fontspec)             \fontdimen 11\font =1.24135pt\relax \fontdimen 12\font
(fontspec)             =6.70999pt\relax \fontdimen 13\font =0pt\relax }].
(fontspec)              
(fontspec)              This font family consists of the following NFSS
(fontspec)             series/shapes:
(fontspec)              
(fontspec)             - 'normal' (m/n) with NFSS spec.:
(fontspec)             <8.5->s*[1.118216007165591]"[latinmodern-math.otf]/OT:sc
ript=math;language=dflt;"<6-8.5>s*[1.118216007165591]"[latinmodern-math.otf]/OT
:script=math;language=dflt;+ssty=0;"<-6>s*[1.118216007165591]"[latinmodern-math
.otf]/OT:script=math;language=dflt;+ssty=1;"
(fontspec)             - 'small caps'  (m/sc) with NFSS spec.: 
(fontspec)             and font adjustment code:
(fontspec)             \fontdimen 8\font =0.44733pt\relax \fontdimen 9\font
(fontspec)             =2.23666pt\relax \fontdimen 10\font =1.86761pt\relax
(fontspec)             \fontdimen 11\font =1.24135pt\relax \fontdimen 12\font
(fontspec)             =6.70999pt\relax \fontdimen 13\font =0pt\relax 
(fontspec)             - 'bold' (b/n) with NFSS spec.:
(fontspec)             <->s*[1.118216007165591]"[latinmodern-math.otf]/OT:scrip
t=math;language=dflt;"
(fontspec)             - 'bold small caps'  (b/sc) with NFSS spec.: 
(fontspec)             and font adjustment code:
(fontspec)             \fontdimen 8\font =0.44733pt\relax \fontdimen 9\font
(fontspec)             =2.23666pt\relax \fontdimen 10\font =1.86761pt\relax
(fontspec)             \fontdimen 11\font =1.24135pt\relax \fontdimen 12\font
(fontspec)             =6.70999pt\relax \fontdimen 13\font =0pt\relax 

LaTeX Font Info:    Encoding `OMX' has changed to `TU' for symbol font
(Font)              `largesymbols' in the math version `normal' on input line 1
88.
LaTeX Font Info:    Overwriting symbol font `largesymbols' in version `normal'
(Font)                  OMX/lmex/m/n --> TU/latinmodern-math.otf(3)/m/n on inpu
t line 188.
LaTeX Font Info:    Encoding `OMX' has changed to `TU' for symbol font
(Font)              `largesymbols' in the math version `bold' on input line 188
.
LaTeX Font Info:    Overwriting symbol font `largesymbols' in version `bold'
(Font)                  OMX/lmex/m/n --> TU/latinmodern-math.otf(3)/b/n on inpu
t line 188.
LaTeX Info: Redefining \microtypecontext on input line 188.
Package microtype Info: Character protrusion enabled (level 2).
Package microtype Info: Using protrusion set `basicmath'.
Package microtype Info: No adjustment of tracking.
Package microtype Info: No adjustment of spacing.
Package microtype Info: No adjustment of kerning.
Package microtype Info: Loading generic protrusion settings for font family
(microtype)             `Cantarell' (encoding: TU).
(microtype)             For optimal results, create family-specific settings.
(microtype)             See the microtype manual for details.
\AtBeginShipoutBox=\box63
Package hyperref Info: Link coloring OFF on input line 188.
(/usr/local/texlive/2020/texmf-dist/tex/latex/hyperref/nameref.sty
Package: nameref 2019/09/16 v2.46 Cross-referencing by name of section
(/usr/local/texlive/2020/texmf-dist/tex/latex/refcount/refcount.sty
Package: refcount 2019/12/15 v3.6 Data extraction from label references (HO)
)
(/usr/local/texlive/2020/texmf-dist/tex/generic/gettitlestring/gettitlestring.s
ty
Package: gettitlestring 2019/12/15 v1.6 Cleanup title references (HO)
)
\c@section@level=\count319
)
LaTeX Info: Redefining \ref on input line 188.
LaTeX Info: Redefining \pageref on input line 188.
LaTeX Info: Redefining \nameref on input line 188.

Package hyperref Warning: Rerun to get /PageLabels entry.

*geometry* driver: auto-detecting
*geometry* detected driver: xetex
*geometry* verbose mode - [ preamble ] result:
* driver: xetex
* paper: <default>
* layout: <same size as paper>
* layoutoffset:(h,v)=(0.0pt,0.0pt)
* modes: twoside 
* h-part:(L,W,R)=(73.71613pt, 430.00462pt, 110.57425pt)
* v-part:(T,H,B)=(95.39737pt, 556.47656pt, 143.09605pt)
* \paperwidth=614.295pt
* \paperheight=794.96999pt
* \textwidth=430.00462pt
* \textheight=556.47656pt
* \oddsidemargin=1.44614pt
* \evensidemargin=38.30426pt
* \topmargin=-6.94011pt
* \headheight=12.0pt
* \headsep=18.06749pt
* \topskip=10.0pt
* \footskip=25.29494pt
* \marginparwidth=125.0pt
* \marginparsep=7.0pt
* \columnsep=10.0pt
* \skip\footins=9.0pt plus 4.0pt minus 2.0pt
* \hoffset=0.0pt
* \voffset=0.0pt
* \mag=1000
* \@twocolumnfalse
* \@twosidetrue
* \@mparswitchtrue
* \@reversemarginfalse
* (1in=72.27pt=25.4mm, 1cm=28.453pt)

\c@mv@tabular=\count320
\c@mv@boldtabular=\count321

(/usr/local/texlive/2020/texmf-dist/tex/latex/translator/translator-basic-dicti
onary-English.dict
Dictionary: translator-basic-dictionary, Language: English 
)
(/usr/local/texlive/2020/texmf-dist/tex/latex/siunitx/siunitx-abbreviations.cfg
File: siunitx-abbreviations.cfg 2017/11/26 v2.7k siunitx: Abbreviated units
)
Package caption Info: Begin \AtBeginDocument code.
Package caption Info: End \AtBeginDocument code.
LaTeX Font Info:    Font shape `TU/latinmodern-math.otf(1)/m/n' will be
(Font)              scaled to size 7.82832pt on input line 188.
Requested font "[latinmodern-math.otf]/OT:script=math;language=dflt;+ssty=0;" a
t 7.82832pt
 -> /usr/local/texlive/2020/texmf-dist/fonts/opentype/public/lm-math/latinmoder
n-math.otf
LaTeX Font Info:    Font shape `TU/latinmodern-math.otf(1)/m/n' will be
(Font)              scaled to size 5.59166pt on input line 188.
Requested font "[latinmodern-math.otf]/OT:script=math;language=dflt;+ssty=1;" a
t 5.59166pt
 -> /usr/local/texlive/2020/texmf-dist/fonts/opentype/public/lm-math/latinmoder
n-math.otf
LaTeX Font Info:    Trying to load font information for OML+lmm on input line 1
88.
(/usr/local/texlive/2020/texmf-dist/tex/latex/lm/omllmm.fd
File: omllmm.fd 2009/10/30 v1.6 Font defs for Latin Modern
)
Requested font "lmmi10" at 10.0pt
 -> /usr/local/texlive/2020/texmf-dist/fonts/tfm/public/lm/lmmi10.tfm
Requested font "lmmi7" at 7.0pt
 -> /usr/local/texlive/2020/texmf-dist/fonts/tfm/public/lm/lmmi7.tfm
Requested font "lmmi5" at 5.0pt
 -> /usr/local/texlive/2020/texmf-dist/fonts/tfm/public/lm/lmmi5.tfm
LaTeX Font Info:    Font shape `TU/latinmodern-math.otf(2)/m/n' will be
(Font)              scaled to size 11.18439pt on input line 188.
Requested font "[latinmodern-math.otf]/OT:script=math;language=dflt;" at 11.184
39pt
 -> /usr/local/texlive/2020/texmf-dist/fonts/opentype/public/lm-math/latinmoder
n-math.otf
LaTeX Font Info:    Font shape `TU/latinmodern-math.otf(2)/m/n' will be
(Font)              scaled to size 7.82907pt on input line 188.
Requested font "[latinmodern-math.otf]/OT:script=math;language=dflt;+ssty=0;" a
t 7.82907pt
 -> /usr/local/texlive/2020/texmf-dist/fonts/opentype/public/lm-math/latinmoder
n-math.otf
LaTeX Font Info:    Font shape `TU/latinmodern-math.otf(2)/m/n' will be
(Font)              scaled to size 5.5922pt on input line 188.
Requested font "[latinmodern-math.otf]/OT:script=math;language=dflt;+ssty=1;" a
t 5.5922pt
 -> /usr/local/texlive/2020/texmf-dist/fonts/opentype/public/lm-math/latinmoder
n-math.otf
LaTeX Font Info:    Font shape `TU/latinmodern-math.otf(3)/m/n' will be
(Font)              scaled to size 11.1821pt on input line 188.
Requested font "[latinmodern-math.otf]/OT:script=math;language=dflt;" at 11.182
1pt
 -> /usr/local/texlive/2020/texmf-dist/fonts/opentype/public/lm-math/latinmoder
n-math.otf
LaTeX Font Info:    Font shape `TU/latinmodern-math.otf(3)/m/n' will be
(Font)              scaled to size 7.82747pt on input line 188.
Requested font "[latinmodern-math.otf]/OT:script=math;language=dflt;+ssty=0;" a
t 7.82747pt
 -> /usr/local/texlive/2020/texmf-dist/fonts/opentype/public/lm-math/latinmoder
n-math.otf
LaTeX Font Info:    Font shape `TU/latinmodern-math.otf(3)/m/n' will be
(Font)              scaled to size 5.59105pt on input line 188.
Requested font "[latinmodern-math.otf]/OT:script=math;language=dflt;+ssty=1;" a
t 5.59105pt
 -> /usr/local/texlive/2020/texmf-dist/fonts/opentype/public/lm-math/latinmoder
n-math.otf
LaTeX Font Info:    Trying to load font information for U+msa on input line 188
.
(/usr/local/texlive/2020/texmf-dist/tex/latex/amsfonts/umsa.fd
File: umsa.fd 2013/01/14 v3.01 AMS symbols A
)
Requested font "msam10" at 10.0pt
 -> /usr/local/texlive/2020/texmf-dist/fonts/tfm/public/amsfonts/symbols/msam10
.tfm
(/usr/local/texlive/2020/texmf-dist/tex/latex/microtype/mt-msa.cfg
File: mt-msa.cfg 2006/02/04 v1.1 microtype config. file: AMS symbols (a) (RS)
)
Requested font "msam7" at 7.0pt
 -> /usr/local/texlive/2020/texmf-dist/fonts/tfm/public/amsfonts/symbols/msam7.
tfm
Requested font "msam5" at 5.0pt
 -> /usr/local/texlive/2020/texmf-dist/fonts/tfm/public/amsfonts/symbols/msam5.
tfm
LaTeX Font Info:    Trying to load font information for U+msb on input line 188
.
(/usr/local/texlive/2020/texmf-dist/tex/latex/amsfonts/umsb.fd
File: umsb.fd 2013/01/14 v3.01 AMS symbols B
)
Requested font "msbm10" at 10.0pt
 -> /usr/local/texlive/2020/texmf-dist/fonts/tfm/public/amsfonts/symbols/msbm10
.tfm
(/usr/local/texlive/2020/texmf-dist/tex/latex/microtype/mt-msb.cfg
File: mt-msb.cfg 2005/06/01 v1.0 microtype config. file: AMS symbols (b) (RS)
)
Requested font "msbm7" at 7.0pt
 -> /usr/local/texlive/2020/texmf-dist/fonts/tfm/public/amsfonts/symbols/msbm7.
tfm
Requested font "msbm5" at 5.0pt
 -> /usr/local/texlive/2020/texmf-dist/fonts/tfm/public/amsfonts/symbols/msbm5.
tfm
Requested font "[lmsans10-regular]:mapping=tex-text;" at 10.0pt
 -> /usr/local/texlive/2020/texmf-dist/fonts/opentype/public/lm/lmsans10-regula
r.otf
Package microtype Info: Loading generic protrusion settings for font family
(microtype)             `lmss' (encoding: TU).
(microtype)             For optimal results, create family-specific settings.
(microtype)             See the microtype manual for details.
Requested font "[lmsans8-regular]:mapping=tex-text;" at 7.0pt
 -> /usr/local/texlive/2020/texmf-dist/fonts/opentype/public/lm/lmsans8-regular
.otf
Requested font "[lmsans8-regular]:mapping=tex-text;" at 5.0pt
 -> /usr/local/texlive/2020/texmf-dist/fonts/opentype/public/lm/lmsans8-regular
.otf
Requested font "[lmmono10-regular]:" at 10.0pt
 -> /usr/local/texlive/2020/texmf-dist/fonts/opentype/public/lm/lmmono10-regula
r.otf
Requested font "[lmmono8-regular]:" at 7.0pt
 -> /usr/local/texlive/2020/texmf-dist/fonts/opentype/public/lm/lmmono8-regular
.otf
Requested font "[lmmono8-regular]:" at 5.0pt
 -> /usr/local/texlive/2020/texmf-dist/fonts/opentype/public/lm/lmmono8-regular
.otf
LaTeX Font Info:    Font shape `TU/Cantarell(0)/m/n' will be
(Font)              scaled to size 17.28pt on input line 190.
Requested font "[Cantarell-Regular.otf]/OT:script=latn;language=dflt;+liga;+tnu
m;+lnum;mapping=tex-text;" at 17.28pt
 -> /usr/local/texlive/2020/texmf-dist/fonts/opentype/gnome/cantarell/Cantarell
-Regular.otf
LaTeX Font Info:    Font shape `TU/Cantarell(0)/m/n' will be
(Font)              scaled to size 12.0pt on input line 190.
Requested font "[Cantarell-Regular.otf]/OT:script=latn;language=dflt;+liga;+tnu
m;+lnum;mapping=tex-text;" at 12.0pt
 -> /usr/local/texlive/2020/texmf-dist/fonts/opentype/gnome/cantarell/Cantarell
-Regular.otf
LaTeX Font Info:    Font shape `TU/latinmodern-math.otf(1)/m/n' will be
(Font)              scaled to size 13.41998pt on input line 190.
Requested font "[latinmodern-math.otf]/OT:script=math;language=dflt;" at 13.419
98pt
 -> /usr/local/texlive/2020/texmf-dist/fonts/opentype/public/lm-math/latinmoder
n-math.otf
LaTeX Font Info:    Font shape `TU/latinmodern-math.otf(1)/m/n' will be
(Font)              scaled to size 8.94666pt on input line 190.
Requested font "[latinmodern-math.otf]/OT:script=math;language=dflt;+ssty=0;" a
t 8.94666pt
 -> /usr/local/texlive/2020/texmf-dist/fonts/opentype/public/lm-math/latinmoder
n-math.otf
LaTeX Font Info:    Font shape `TU/latinmodern-math.otf(1)/m/n' will be
(Font)              scaled to size 6.70999pt on input line 190.
Requested font "[latinmodern-math.otf]/OT:script=math;language=dflt;+ssty=0;" a
t 6.70999pt
 -> /usr/local/texlive/2020/texmf-dist/fonts/opentype/public/lm-math/latinmoder
n-math.otf
Requested font "lmmi12" at 12.0pt
 -> /usr/local/texlive/2020/texmf-dist/fonts/tfm/public/lm/lmmi12.tfm
Requested font "lmmi8" at 8.0pt
 -> /usr/local/texlive/2020/texmf-dist/fonts/tfm/public/lm/lmmi8.tfm
Requested font "lmmi6" at 6.0pt
 -> /usr/local/texlive/2020/texmf-dist/fonts/tfm/public/lm/lmmi6.tfm
LaTeX Font Info:    Font shape `TU/latinmodern-math.otf(2)/m/n' will be
(Font)              scaled to size 13.42126pt on input line 190.
Requested font "[latinmodern-math.otf]/OT:script=math;language=dflt;" at 13.421
26pt
 -> /usr/local/texlive/2020/texmf-dist/fonts/opentype/public/lm-math/latinmoder
n-math.otf
LaTeX Font Info:    Font shape `TU/latinmodern-math.otf(2)/m/n' will be
(Font)              scaled to size 8.94751pt on input line 190.
Requested font "[latinmodern-math.otf]/OT:script=math;language=dflt;+ssty=0;" a
t 8.94751pt
 -> /usr/local/texlive/2020/texmf-dist/fonts/opentype/public/lm-math/latinmoder
n-math.otf
LaTeX Font Info:    Font shape `TU/latinmodern-math.otf(2)/m/n' will be
(Font)              scaled to size 6.71063pt on input line 190.
Requested font "[latinmodern-math.otf]/OT:script=math;language=dflt;+ssty=0;" a
t 6.71063pt
 -> /usr/local/texlive/2020/texmf-dist/fonts/opentype/public/lm-math/latinmoder
n-math.otf
LaTeX Font Info:    Font shape `TU/latinmodern-math.otf(3)/m/n' will be
(Font)              scaled to size 13.41852pt on input line 190.
Requested font "[latinmodern-math.otf]/OT:script=math;language=dflt;" at 13.418
52pt
 -> /usr/local/texlive/2020/texmf-dist/fonts/opentype/public/lm-math/latinmoder
n-math.otf
LaTeX Font Info:    Font shape `TU/latinmodern-math.otf(3)/m/n' will be
(Font)              scaled to size 8.94568pt on input line 190.
Requested font "[latinmodern-math.otf]/OT:script=math;language=dflt;+ssty=0;" a
t 8.94568pt
 -> /usr/local/texlive/2020/texmf-dist/fonts/opentype/public/lm-math/latinmoder
n-math.otf
LaTeX Font Info:    Font shape `TU/latinmodern-math.otf(3)/m/n' will be
(Font)              scaled to size 6.70926pt on input line 190.
Requested font "[latinmodern-math.otf]/OT:script=math;language=dflt;+ssty=0;" a
t 6.70926pt
 -> /usr/local/texlive/2020/texmf-dist/fonts/opentype/public/lm-math/latinmoder
n-math.otf
Requested font "[lmsans12-regular]:mapping=tex-text;" at 12.0pt
 -> /usr/local/texlive/2020/texmf-dist/fonts/opentype/public/lm/lmsans12-regula
r.otf
Requested font "[lmsans8-regular]:mapping=tex-text;" at 8.0pt
 -> /usr/local/texlive/2020/texmf-dist/fonts/opentype/public/lm/lmsans8-regular
.otf
Requested font "[lmsans8-regular]:mapping=tex-text;" at 6.0pt
 -> /usr/local/texlive/2020/texmf-dist/fonts/opentype/public/lm/lmsans8-regular
.otf
Requested font "[lmmono12-regular]:" at 12.0pt
 -> /usr/local/texlive/2020/texmf-dist/fonts/opentype/public/lm/lmmono12-regula
r.otf
Requested font "[lmmono8-regular]:" at 8.0pt
 -> /usr/local/texlive/2020/texmf-dist/fonts/opentype/public/lm/lmmono8-regular
.otf
Requested font "[lmmono8-regular]:" at 6.0pt
 -> /usr/local/texlive/2020/texmf-dist/fonts/opentype/public/lm/lmmono8-regular
.otf
Requested font "msam10" at 12.0pt
 -> /usr/local/texlive/2020/texmf-dist/fonts/tfm/public/amsfonts/symbols/msam10
.tfm
Requested font "msam10" at 8.0pt
 -> /usr/local/texlive/2020/texmf-dist/fonts/tfm/public/amsfonts/symbols/msam10
.tfm
Requested font "msam7" at 6.0pt
 -> /usr/local/texlive/2020/texmf-dist/fonts/tfm/public/amsfonts/symbols/msam7.
tfm
Requested font "msbm10" at 12.0pt
 -> /usr/local/texlive/2020/texmf-dist/fonts/tfm/public/amsfonts/symbols/msbm10
.tfm
Requested font "msbm10" at 8.0pt
 -> /usr/local/texlive/2020/texmf-dist/fonts/tfm/public/amsfonts/symbols/msbm10
.tfm
Requested font "msbm7" at 6.0pt
 -> /usr/local/texlive/2020/texmf-dist/fonts/tfm/public/amsfonts/symbols/msbm7.
tfm
[1


]
LaTeX Font Info:    Font shape `TU/Cantarell(0)/m/sl' in size <10> not availabl
e
(Font)              Font shape `TU/Cantarell(0)/m/it' tried instead on input li
ne 193.
LaTeX Font Info:    Font shape `TU/Cantarell(0)/m/it' will be
(Font)              scaled to size 10.0pt on input line 193.
Requested font "[Cantarell-Regular.otf]/OT:script=latn;language=dflt;slant=0.14
1;+liga;+tnum;+lnum;mapping=tex-text;" at 10.0pt
 -> /usr/local/texlive/2020/texmf-dist/fonts/opentype/gnome/cantarell/Cantarell
-Regular.otf
[2

]
LaTeX Font Info:    Font shape `TU/Cantarell(0)/m/n' will be
(Font)              scaled to size 24.88pt on input line 193.
Requested font "[Cantarell-Regular.otf]/OT:script=latn;language=dflt;+liga;+tnu
m;+lnum;mapping=tex-text;" at 24.88pt
 -> /usr/local/texlive/2020/texmf-dist/fonts/opentype/gnome/cantarell/Cantarell
-Regular.otf
LaTeX Font Info:    Font shape `TU/Cantarell(0)/b/n' will be
(Font)              scaled to size 24.88pt on input line 193.
Requested font "[Cantarell-Bold.otf]/OT:script=latn;language=dflt;+liga;+tnum;+
lnum;mapping=tex-text;" at 24.88pt
 -> /usr/local/texlive/2020/texmf-dist/fonts/opentype/gnome/cantarell/Cantarell
-Bold.otf
\tf@toc=\write3
\openout3 = `_main.toc'.

[3] [4

]
\tf@lot=\write4
\openout4 = `_main.lot'.

[5] [6

]
\tf@lof=\write5
\openout5 = `_main.lof'.

[7] [8

]
File: biology_text_butter_cover.pdf Graphic file (type pdf)
<use biology_text_butter_cover.pdf>

Underfull \vbox (badness 10000) has occurred while \output is active []

[9]
LaTeX Font Info:    Font shape `TU/Cantarell(0)/m/n' will be
(Font)              scaled to size 7.0pt on input line 205.
Requested font "[Cantarell-Regular.otf]/OT:script=latn;language=dflt;+liga;+tnu
m;+lnum;mapping=tex-text;" at 7.0pt
 -> /usr/local/texlive/2020/texmf-dist/fonts/opentype/gnome/cantarell/Cantarell
-Regular.otf
LaTeX Font Info:    Font shape `TU/Cantarell(0)/m/n' will be
(Font)              scaled to size 8.0pt on input line 205.
Requested font "[Cantarell-Regular.otf]/OT:script=latn;language=dflt;+liga;+tnu
m;+lnum;mapping=tex-text;" at 8.0pt
 -> /usr/local/texlive/2020/texmf-dist/fonts/opentype/gnome/cantarell/Cantarell
-Regular.otf
LaTeX Font Info:    Font shape `TU/Cantarell(0)/m/n' will be
(Font)              scaled to size 6.0pt on input line 205.
Requested font "[Cantarell-Regular.otf]/OT:script=latn;language=dflt;+liga;+tnu
m;+lnum;mapping=tex-text;" at 6.0pt
 -> /usr/local/texlive/2020/texmf-dist/fonts/opentype/gnome/cantarell/Cantarell
-Regular.otf
[10] [11

] [12

]
Chapter 1.
LaTeX Font Info:    Font shape `TU/Cantarell(0)/m/n' will be
(Font)              scaled to size 20.74pt on input line 214.
Requested font "[Cantarell-Regular.otf]/OT:script=latn;language=dflt;+liga;+tnu
m;+lnum;mapping=tex-text;" at 20.74pt
 -> /usr/local/texlive/2020/texmf-dist/fonts/opentype/gnome/cantarell/Cantarell
-Regular.otf
LaTeX Font Info:    Font shape `TU/Cantarell(0)/b/n' will be
(Font)              scaled to size 20.74pt on input line 214.
Requested font "[Cantarell-Bold.otf]/OT:script=latn;language=dflt;+liga;+tnum;+
lnum;mapping=tex-text;" at 20.74pt
 -> /usr/local/texlive/2020/texmf-dist/fonts/opentype/gnome/cantarell/Cantarell
-Bold.otf
Missing character: There is no  in font [Cantarell-Regular.otf]/OT:script=latn
;language=dflt;+liga;+tnum;+lnum;mapping=tex-text;!
Missing character: There is no  in font [Cantarell-Regular.otf]/OT:script=latn
;language=dflt;+liga;+tnum;+lnum;mapping=tex-text;!
Missing character: There is no  in font [Cantarell-Regular.otf]/OT:script=latn
;language=dflt;+liga;+tnum;+lnum;mapping=tex-text;!
Missing character: There is no  in font [Cantarell-Regular.otf]/OT:script=latn
;language=dflt;+liga;+tnum;+lnum;mapping=tex-text;!
Missing character: There is no  in font [Cantarell-Regular.otf]/OT:script=latn
;language=dflt;+liga;+tnum;+lnum;mapping=tex-text;!
Missing character: There is no  in font [Cantarell-Regular.otf]/OT:script=latn
;language=dflt;+liga;+tnum;+lnum;mapping=tex-text;!
Missing character: There is no  in font [Cantarell-Regular.otf]/OT:script=latn
;language=dflt;+liga;+tnum;+lnum;mapping=tex-text;!
Missing character: There is no  in font [Cantarell-Regular.otf]/OT:script=latn
;language=dflt;+liga;+tnum;+lnum;mapping=tex-text;!
Missing character: There is no  in font [Cantarell-Regular.otf]/OT:script=latn
;language=dflt;+liga;+tnum;+lnum;mapping=tex-text;!
Missing character: There is no  in font [Cantarell-Regular.otf]/OT:script=latn
;language=dflt;+liga;+tnum;+lnum;mapping=tex-text;!
Missing character: There is no  in font [Cantarell-Regular.otf]/OT:script=latn
;language=dflt;+liga;+tnum;+lnum;mapping=tex-text;!
Missing character: There is no  in font [Cantarell-Regular.otf]/OT:script=latn
;language=dflt;+liga;+tnum;+lnum;mapping=tex-text;!
Missing character: There is no  in font [Cantarell-Regular.otf]/OT:script=latn
;language=dflt;+liga;+tnum;+lnum;mapping=tex-text;!
Missing character: There is no  in font [Cantarell-Regular.otf]/OT:script=latn
;language=dflt;+liga;+tnum;+lnum;mapping=tex-text;!
Missing character: There is no  in font [Cantarell-Regular.otf]/OT:script=latn
;language=dflt;+liga;+tnum;+lnum;mapping=tex-text;!
Missing character: There is no  in font [Cantarell-Regular.otf]/OT:script=latn
;language=dflt;+liga;+tnum;+lnum;mapping=tex-text;!
Missing character: There is no  in font [Cantarell-Regular.otf]/OT:script=latn
;language=dflt;+liga;+tnum;+lnum;mapping=tex-text;!
Missing character: There is no  in font [Cantarell-Regular.otf]/OT:script=latn
;language=dflt;+liga;+tnum;+lnum;mapping=tex-text;!
Missing character: There is no  in font [Cantarell-Regular.otf]/OT:script=latn
;language=dflt;+liga;+tnum;+lnum;mapping=tex-text;!
Missing character: There is no  in font [Cantarell-Regular.otf]/OT:script=latn
;language=dflt;+liga;+tnum;+lnum;mapping=tex-text;!
Missing character: There is no  in font [Cantarell-Regular.otf]/OT:script=latn
;language=dflt;+liga;+tnum;+lnum;mapping=tex-text;!
Missing character: There is no  in font [Cantarell-Regular.otf]/OT:script=latn
;language=dflt;+liga;+tnum;+lnum;mapping=tex-text;!
Missing character: There is no  in font [Cantarell-Regular.otf]/OT:script=latn
;language=dflt;+liga;+tnum;+lnum;mapping=tex-text;!
Missing character: There is no  in font [Cantarell-Regular.otf]/OT:script=latn
;language=dflt;+liga;+tnum;+lnum;mapping=tex-text;!
Missing character: There is no  in font [Cantarell-Regular.otf]/OT:script=latn
;language=dflt;+liga;+tnum;+lnum;mapping=tex-text;!
Missing character: There is no  in font [Cantarell-Regular.otf]/OT:script=latn
;language=dflt;+liga;+tnum;+lnum;mapping=tex-text;!
Missing character: There is no  in font [Cantarell-Regular.otf]/OT:script=latn
;language=dflt;+liga;+tnum;+lnum;mapping=tex-text;!
Missing character: There is no  in font [Cantarell-Regular.otf]/OT:script=latn
;language=dflt;+liga;+tnum;+lnum;mapping=tex-text;!
Missing character: There is no  in font [Cantarell-Regular.otf]/OT:script=latn
;language=dflt;+liga;+tnum;+lnum;mapping=tex-text;!
Missing character: There is no  in font [Cantarell-Regular.otf]/OT:script=latn
;language=dflt;+liga;+tnum;+lnum;mapping=tex-text;!
Missing character: There is no  in font [Cantarell-Regular.otf]/OT:script=latn
;language=dflt;+liga;+tnum;+lnum;mapping=tex-text;!
Missing character: There is no  in font [Cantarell-Regular.otf]/OT:script=latn
;language=dflt;+liga;+tnum;+lnum;mapping=tex-text;!
Missing character: There is no  in font [Cantarell-Regular.otf]/OT:script=latn
;language=dflt;+liga;+tnum;+lnum;mapping=tex-text;!
Missing character: There is no  in font [Cantarell-Regular.otf]/OT:script=latn
;language=dflt;+liga;+tnum;+lnum;mapping=tex-text;!
Missing character: There is no  in font [Cantarell-Regular.otf]/OT:script=latn
;language=dflt;+liga;+tnum;+lnum;mapping=tex-text;!
LaTeX Font Info:    Font shape `TU/Cantarell(0)/m/n' will be
(Font)              scaled to size 5.0pt on input line 222.
Requested font "[Cantarell-Regular.otf]/OT:script=latn;language=dflt;+liga;+tnu
m;+lnum;mapping=tex-text;" at 5.0pt
 -> /usr/local/texlive/2020/texmf-dist/fonts/opentype/gnome/cantarell/Cantarell
-Regular.otf
[13]

! LaTeX Error: Environment VF undefined.

See the LaTeX manual or LaTeX Companion for explanation.
Type  H <return>  for immediate help.
 ...                                              
                                                  
l.224 \begin{quote}
                    
Here is how much of TeX's memory you used:
 22950 strings out of 479418
 438211 string characters out of 5884586
 859123 words of memory out of 5000000
 40121 multiletter control sequences out of 15000+600000
 538949 words of font info for 97 fonts, out of 8000000 for 9000
 1348 hyphenation exceptions out of 8191
 63i,8n,125p,1093b,807s stack positions out of 5000i,500n,10000p,200000b,80000s

Output written on _main.pdf (13 pages).
