\BOOKMARK [0][-]{chapter*.1}{Acknowledgements}{}% 1
\BOOKMARK [0][-]{chapter.1}{Biology:\040The\040Science\040of\040Life}{}% 2
\BOOKMARK [1][-]{section.1.1}{Characteristics\040of\040Life}{chapter.1}% 3
\BOOKMARK [1][-]{section.1.2}{Origin\040of\040Life}{chapter.1}% 4
\BOOKMARK [1][-]{section.1.3}{Foundations\040of\040Modern\040Biology}{chapter.1}% 5
\BOOKMARK [1][-]{section.1.4}{Cell\040theory}{chapter.1}% 6
\BOOKMARK [1][-]{section.1.5}{Evolution}{chapter.1}% 7
\BOOKMARK [1][-]{section.1.6}{Genetics}{chapter.1}% 8
\BOOKMARK [1][-]{section.1.7}{Homeostasis}{chapter.1}% 9
\BOOKMARK [1][-]{section.1.8}{Energy}{chapter.1}% 10
\BOOKMARK [1][-]{section.1.9}{Areas\040And\040Levels\040of\040Study\040And\040Research\040in\040Biology}{chapter.1}% 11
\BOOKMARK [1][-]{section.1.10}{Science}{chapter.1}% 12
\BOOKMARK [1][-]{section.1.11}{Scientific\040Terminology}{chapter.1}% 13
\BOOKMARK [1][-]{section.1.12}{The\040Scientific\040Method}{chapter.1}% 14
\BOOKMARK [1][-]{section.1.13}{Philosophy\040of\040Science}{chapter.1}% 15
\BOOKMARK [1][-]{section.1.14}{Dissemination\040of\040Scientific\040Knowledge}{chapter.1}% 16
\BOOKMARK [0][-]{chapter.2}{Basic\040General\040Chemistry\040For\040Biology}{}% 17
\BOOKMARK [1][-]{section.2.1}{Matter}{chapter.2}% 18
\BOOKMARK [1][-]{section.2.2}{Atom}{chapter.2}% 19
\BOOKMARK [1][-]{section.2.3}{Element}{chapter.2}% 20
\BOOKMARK [1][-]{section.2.4}{The\040Periodic\040Table}{chapter.2}% 21
\BOOKMARK [1][-]{section.2.5}{Compound}{chapter.2}% 22
\BOOKMARK [1][-]{section.2.6}{Molecule}{chapter.2}% 23
\BOOKMARK [1][-]{section.2.7}{Energy}{chapter.2}% 24
\BOOKMARK [1][-]{section.2.8}{Chemical\040Reactions}{chapter.2}% 25
\BOOKMARK [1][-]{section.2.9}{Ions\040And\040Salts}{chapter.2}% 26
\BOOKMARK [1][-]{section.2.10}{Acids\040And\040Bases}{chapter.2}% 27
\BOOKMARK [1][-]{section.2.11}{Redox}{chapter.2}% 28
\BOOKMARK [1][-]{section.2.12}{Water}{chapter.2}% 29
\BOOKMARK [0][-]{chapter.3}{Basic\040Organic\040Chemistry\040For\040Biology}{}% 30
\BOOKMARK [1][-]{section.3.1}{Functional\040groups}{chapter.3}% 31
\BOOKMARK [1][-]{section.3.2}{Biomolecules}{chapter.3}% 32
\BOOKMARK [1][-]{section.3.3}{Proteins}{chapter.3}% 33
\BOOKMARK [1][-]{section.3.4}{Cellular\040Functions\040of\040Proteins}{chapter.3}% 34
\BOOKMARK [1][-]{section.3.5}{Cell\040Signaling\040And\040Ligand\040Binding}{chapter.3}% 35
\BOOKMARK [1][-]{section.3.6}{Structural\040Proteins}{chapter.3}% 36
\BOOKMARK [1][-]{section.3.7}{Carbohydrates}{chapter.3}% 37
\BOOKMARK [1][-]{section.3.8}{Lipids}{chapter.3}% 38
\BOOKMARK [1][-]{section.3.9}{Nucleic\040Acids}{chapter.3}% 39
\BOOKMARK [1][-]{section.3.10}{Deoxyribonucleic\040Acid\040\(DNA\)}{chapter.3}% 40
\BOOKMARK [1][-]{section.3.11}{Ribonucleic\040Acid\040\(RNA\)}{chapter.3}% 41
\BOOKMARK [0][-]{chapter.4}{The\040Cell}{}% 42
\BOOKMARK [1][-]{section.4.1}{Prokaryotic\040Cells}{chapter.4}% 43
\BOOKMARK [1][-]{section.4.2}{Eukaryotic\040Cells}{chapter.4}% 44
\BOOKMARK [1][-]{section.4.3}{The\040Cell\040Membrane}{chapter.4}% 45
\BOOKMARK [1][-]{section.4.4}{The\040Cytoskeleton}{chapter.4}% 46
\BOOKMARK [1][-]{section.4.5}{The\040Genetic\040Material}{chapter.4}% 47
\BOOKMARK [1][-]{section.4.6}{Organelles\040of\040Eukaryotic\040Cells}{chapter.4}% 48
\BOOKMARK [1][-]{section.4.7}{The\040Cell\040Nucleus}{chapter.4}% 49
\BOOKMARK [1][-]{section.4.8}{The\040Mitochondria}{chapter.4}% 50
\BOOKMARK [1][-]{section.4.9}{The\040Chloroplasts}{chapter.4}% 51
\BOOKMARK [1][-]{section.4.10}{The\040Endoplasmic\040Reticulum}{chapter.4}% 52
\BOOKMARK [1][-]{section.4.11}{The\040Golgi\040Apparatus}{chapter.4}% 53
\BOOKMARK [1][-]{section.4.12}{The\040Ribosomes}{chapter.4}% 54
\BOOKMARK [1][-]{section.4.13}{Structures\040Outside\040The\040Cell\040Membrane}{chapter.4}% 55
\BOOKMARK [1][-]{section.4.14}{Cellular\040Replication}{chapter.4}% 56
\BOOKMARK [1][-]{section.4.15}{DNA\040Repair}{chapter.4}% 57
\BOOKMARK [1][-]{section.4.16}{Cellular\040Growth\040And\040Metabolism}{chapter.4}% 58
\BOOKMARK [1][-]{section.4.17}{Protein\040Synthesis}{chapter.4}% 59
\BOOKMARK [1][-]{section.4.18}{Cell\040Motility}{chapter.4}% 60
\BOOKMARK [1][-]{section.4.19}{Origin\040of\040The\040First\040Cell}{chapter.4}% 61
\BOOKMARK [1][-]{section.4.20}{Origin\040of\040Eukaryotic\040Cells}{chapter.4}% 62
\BOOKMARK [0][-]{chapter.5}{The\040Cell\040Membrane}{}% 63
\BOOKMARK [1][-]{section.5.1}{Function}{chapter.5}% 64
\BOOKMARK [1][-]{section.5.2}{The\040Fluid\040Mosaic\040Model\040of\040The\040Cell\040Membrane}{chapter.5}% 65
\BOOKMARK [1][-]{section.5.3}{Membrane\040Permeability}{chapter.5}% 66
\BOOKMARK [1][-]{section.5.4}{Diffusion}{chapter.5}% 67
\BOOKMARK [1][-]{section.5.5}{Facilitated\040Diffusion}{chapter.5}% 68
\BOOKMARK [1][-]{section.5.6}{Osmosis}{chapter.5}% 69
\BOOKMARK [1][-]{section.5.7}{Active\040Transport}{chapter.5}% 70
\BOOKMARK [1][-]{section.5.8}{Bulk\040transport}{chapter.5}% 71
\BOOKMARK [1][-]{section.5.9}{The\040Extracellular\040Matrix}{chapter.5}% 72
\BOOKMARK [1][-]{section.5.10}{Cell\040Junctions}{chapter.5}% 73
\BOOKMARK [1][-]{section.5.11}{Cell\040Junction\040Molecules}{chapter.5}% 74
\BOOKMARK [0][-]{chapter.6}{Bioenergetics}{}% 75
\BOOKMARK [1][-]{section.6.1}{Thermodynamics\040of\040Living\040Organisms}{chapter.6}% 76
\BOOKMARK [1][-]{section.6.2}{Metabolism}{chapter.6}% 77
\BOOKMARK [1][-]{section.6.3}{Catabolism}{chapter.6}% 78
\BOOKMARK [1][-]{section.6.4}{Digestion}{chapter.6}% 79
\BOOKMARK [1][-]{section.6.5}{Energy\040From\040Organic\040Compounds}{chapter.6}% 80
\BOOKMARK [1][-]{section.6.6}{Energy\040Transformations}{chapter.6}% 81
\BOOKMARK [1][-]{section.6.7}{Oxidative\040Phosphorylation}{chapter.6}% 82
\BOOKMARK [1][-]{section.6.8}{Energy\040From\040Inorganic\040Compounds}{chapter.6}% 83
\BOOKMARK [1][-]{section.6.9}{Energy\040From\040Light}{chapter.6}% 84
\BOOKMARK [1][-]{section.6.10}{Anabolism}{chapter.6}% 85
\BOOKMARK [1][-]{section.6.11}{Carbon\040Fixation}{chapter.6}% 86
\BOOKMARK [1][-]{section.6.12}{Enzymes}{chapter.6}% 87
\BOOKMARK [1][-]{section.6.13}{Allosteric\040Modulation}{chapter.6}% 88
\BOOKMARK [1][-]{section.6.14}{Cofactors\040of\040Enzymes\040and\040Coenzymes}{chapter.6}% 89
\BOOKMARK [1][-]{section.6.15}{Inhibition\040of\040Enzymes}{chapter.6}% 90
\BOOKMARK [1][-]{section.6.16}{Factors\040Affecting\040Enzyme\040Activity}{chapter.6}% 91
\BOOKMARK [1][-]{section.6.17}{Control\040of\040activity}{chapter.6}% 92
\BOOKMARK [0][-]{chapter.7}{Photosynthesis\040And\040Cellular\040Respiration}{}% 93
\BOOKMARK [1][-]{section.7.1}{The\040Electron\040Transport\040Chain\040And\040Chemiosmosis}{chapter.7}% 94
\BOOKMARK [1][-]{section.7.2}{Photosynthesis}{chapter.7}% 95
\BOOKMARK [1][-]{section.7.3}{Photosynthetic\040Membranes\040And\040Organelles}{chapter.7}% 96
\BOOKMARK [1][-]{section.7.4}{Light-dependent\040Reactions}{chapter.7}% 97
\BOOKMARK [1][-]{section.7.5}{Z\040Scheme}{chapter.7}% 98
\BOOKMARK [1][-]{section.7.6}{Water\040Photolysis}{chapter.7}% 99
\BOOKMARK [1][-]{section.7.7}{Light-independent\040Reactions}{chapter.7}% 100
\BOOKMARK [1][-]{section.7.8}{Calvin\040Cycle}{chapter.7}% 101
\BOOKMARK [1][-]{section.7.9}{Carbon\040Dioxide\040Levels\040And\040Photorespiration}{chapter.7}% 102
\BOOKMARK [1][-]{section.7.10}{Carbon\040Concentrating\040Mechanisms}{chapter.7}% 103
\BOOKMARK [1][-]{section.7.11}{Overview\040of\040C4\040Carbon\040Fixation}{chapter.7}% 104
\BOOKMARK [1][-]{section.7.12}{CAM\040Photosynthesis}{chapter.7}% 105
\BOOKMARK [1][-]{section.7.13}{Symbiosis\040And\040The\040Origin\040of\040Chloroplasts}{chapter.7}% 106
\BOOKMARK [1][-]{section.7.14}{Cyanobacteria\040And\040The\040Evolution\040of\040Photosynthesis}{chapter.7}% 107
\BOOKMARK [1][-]{section.7.15}{Cellular\040Respiration}{chapter.7}% 108
\BOOKMARK [1][-]{section.7.16}{Aerobic\040Respiration}{chapter.7}% 109
\BOOKMARK [1][-]{section.7.17}{Glycolysis}{chapter.7}% 110
\BOOKMARK [1][-]{section.7.18}{Oxidative\040Decarboxylation\040of\040Pyruvate}{chapter.7}% 111
\BOOKMARK [1][-]{section.7.19}{The\040Citric\040Acid\040Cycle}{chapter.7}% 112
\BOOKMARK [1][-]{section.7.20}{Oxidative\040Phosphorylation}{chapter.7}% 113
\BOOKMARK [1][-]{section.7.21}{Fermentation}{chapter.7}% 114
\BOOKMARK [1][-]{section.7.22}{Anaerobic\040respiration}{chapter.7}% 115
\BOOKMARK [0][-]{chapter.8}{The\040Cell\040Cycle\040And\040Cell\040Division}{}% 116
\BOOKMARK [1][-]{section.8.1}{The\040Prokaryotic\040Cell\040Cycle}{chapter.8}% 117
\BOOKMARK [1][-]{section.8.2}{Binary\040Fission}{chapter.8}% 118
\BOOKMARK [1][-]{section.8.3}{The\040Eukaryotic\040Cell\040Cycle}{chapter.8}% 119
\BOOKMARK [1][-]{section.8.4}{G0\040phase\040\(quiescence\)}{chapter.8}% 120
\BOOKMARK [1][-]{section.8.5}{Interphase}{chapter.8}% 121
\BOOKMARK [1][-]{section.8.6}{G1\040phase\040\(First\040growth\040phase\040or\040Post\040mitotic\040gap\040phase\)}{chapter.8}% 122
\BOOKMARK [1][-]{section.8.7}{S\040phase\040\(DNA\040replication\)}{chapter.8}% 123
\BOOKMARK [1][-]{section.8.8}{G2\040phase\040\(growth\)}{chapter.8}% 124
\BOOKMARK [1][-]{section.8.9}{Mitotic\040Phase\040\(Chromosome\040Separation\)}{chapter.8}% 125
\BOOKMARK [1][-]{section.8.10}{Chromosomes:\040The\040Vectors\040of\040Heredity}{chapter.8}% 126
\BOOKMARK [1][-]{section.8.11}{Human\040chromosomes}{chapter.8}% 127
\BOOKMARK [1][-]{section.8.12}{Number\040of\040chromosomes\040in\040various\040organisms}{chapter.8}% 128
\BOOKMARK [1][-]{section.8.13}{Mitosis}{chapter.8}% 129
\BOOKMARK [1][-]{section.8.14}{Regulation\040of\040eukaryotic\040cell\040cycle}{chapter.8}% 130
\BOOKMARK [0][-]{chapter.9}{Sexual\040Reproduction\040And\040Meiosis}{}% 131
\BOOKMARK [1][-]{section.9.1}{Reproduction}{chapter.9}% 132
\BOOKMARK [1][-]{section.9.2}{Meiosis}{chapter.9}% 133
\BOOKMARK [1][-]{section.9.3}{Meiosis\040I}{chapter.9}% 134
\BOOKMARK [1][-]{section.9.4}{Prophase\040I}{chapter.9}% 135
\BOOKMARK [1][-]{section.9.5}{Metaphase\040I}{chapter.9}% 136
\BOOKMARK [1][-]{section.9.6}{Anaphase\040I}{chapter.9}% 137
\BOOKMARK [1][-]{section.9.7}{Telophase\040I}{chapter.9}% 138
\BOOKMARK [1][-]{section.9.8}{Meiosis\040II}{chapter.9}% 139
\BOOKMARK [1][-]{section.9.9}{Nondisjunction}{chapter.9}% 140
\BOOKMARK [1][-]{section.9.10}{Chromosomal\040Disorders}{chapter.9}% 141
\BOOKMARK [1][-]{section.9.11}{Aberrations}{chapter.9}% 142
\BOOKMARK [1][-]{section.9.12}{Numerical\040abnormalities}{chapter.9}% 143
\BOOKMARK [1][-]{section.9.13}{Mechanisms}{chapter.9}% 144
\BOOKMARK [1][-]{section.9.14}{Diagnosis}{chapter.9}% 145
\BOOKMARK [1][-]{section.9.15}{Structural\040abnormalities}{chapter.9}% 146
\BOOKMARK [1][-]{section.9.16}{Acquired\040chromosomal\040abnormalities}{chapter.9}% 147
\BOOKMARK [0][-]{chapter.10}{Classical\040Genetics}{}% 148
\BOOKMARK [1][-]{section.10.1}{Mendelian\040Inheritance}{chapter.10}% 149
\BOOKMARK [1][-]{section.10.2}{Mendel's\040genetic\040discoveries}{chapter.10}% 150
\BOOKMARK [1][-]{section.10.3}{Law\040of\040Dominance\040and\040Uniformity}{chapter.10}% 151
\BOOKMARK [1][-]{section.10.4}{Law\040of\040Segregation\040of\040genes}{chapter.10}% 152
\BOOKMARK [1][-]{section.10.5}{Law\040of\040Independent\040Assortment}{chapter.10}% 153
\BOOKMARK [1][-]{section.10.6}{Mendelian\040trait}{chapter.10}% 154
\BOOKMARK [1][-]{section.10.7}{Zygosity}{chapter.10}% 155
\BOOKMARK [1][-]{section.10.8}{Monohybrid\040cross}{chapter.10}% 156
\BOOKMARK [1][-]{section.10.9}{Punnett\040square}{chapter.10}% 157
\BOOKMARK [1][-]{section.10.10}{Dihybrid\040cross}{chapter.10}% 158
\BOOKMARK [1][-]{section.10.11}{Mendelian\040traits\040in\040humans}{chapter.10}% 159
\BOOKMARK [1][-]{section.10.12}{Non-Mendelian\040inheritance}{chapter.10}% 160
\BOOKMARK [0][-]{chapter.11}{Molecular\040Biology\040of\040The\040Gene}{}% 161
\BOOKMARK [1][-]{section.11.1}{Structure\040And\040Function\040of\040Deoxyribonucleic\040Acid}{chapter.11}% 162
\BOOKMARK [1][-]{section.11.2}{Genes\040And\040Genomes}{chapter.11}% 163
\BOOKMARK [1][-]{section.11.3}{Transcription\040And\040Translation}{chapter.11}% 164
\BOOKMARK [1][-]{section.11.4}{DNA\040Replication}{chapter.11}% 165
\BOOKMARK [1][-]{section.11.5}{RNA}{chapter.11}% 166
\BOOKMARK [1][-]{section.11.6}{Gene\040Expression}{chapter.11}% 167
\BOOKMARK [1][-]{section.11.7}{Transcription\040And\040RNA\040Processing}{chapter.11}% 168
\BOOKMARK [1][-]{section.11.8}{Translation\040And\040The\040Genetic\040Code}{chapter.11}% 169
\BOOKM