\BOOKMARK [0][-]{chapter*.1}{Acknowledgements}{}% 1
\BOOKMARK [0][-]{chapter.1}{Biology:\040The\040Science\040of\040Life}{}% 2
\BOOKMARK [1][-]{section.1.1}{Characteristics\040of\040Life}{chapter.1}% 3
\BOOKMARK [1][-]{section.1.2}{Origin\040of\040Life}{chapter.1}% 4
\BOOKMARK [1][-]{section.1.3}{Foundations\040of\040Modern\040Biology}{chapter.1}% 5
\BOOKMARK [1][-]{section.1.4}{Areas\040And\040Levels\040of\040Study\040And\040Research\040in\040Biology}{chapter.1}% 6
\BOOKMARK [1][-]{section.1.5}{Science}{chapter.1}% 7
\BOOKMARK [1][-]{section.1.6}{Philosophy\040of\040Science}{chapter.1}% 8
\BOOKMARK [1][-]{section.1.7}{Science\040And\040Religion}{chapter.1}% 9
\BOOKMARK [0][-]{chapter.2}{Basic\040General\040Chemistry\040For\040Biology}{}% 10
\BOOKMARK [1][-]{section.2.1}{Matter}{chapter.2}% 11
\BOOKMARK [1][-]{section.2.2}{The\040Atom}{chapter.2}% 12
\BOOKMARK [1][-]{section.2.3}{The\040Periodic\040Table\040of\040The\040Elements}{chapter.2}% 13
\BOOKMARK [1][-]{section.2.4}{Compound}{chapter.2}% 14
\BOOKMARK [1][-]{section.2.5}{Molecule\040And\040Chemical\040Bonds}{chapter.2}% 15
\BOOKMARK [1][-]{section.2.6}{Energy}{chapter.2}% 16
\BOOKMARK [1][-]{section.2.7}{Chemical\040Reactions}{chapter.2}% 17
\BOOKMARK [1][-]{section.2.8}{Ions\040And\040Salts}{chapter.2}% 18
\BOOKMARK [1][-]{section.2.9}{Acids\040And\040Bases}{chapter.2}% 19
\BOOKMARK [1][-]{section.2.10}{Redox}{chapter.2}% 20
\BOOKMARK [1][-]{section.2.11}{Water}{chapter.2}% 21
\BOOKMARK [0][-]{chapter.3}{Basic\040Organic\040Chemistry\040For\040Biology}{}% 22
\BOOKMARK [1][-]{section.3.1}{Functional\040groups}{chapter.3}% 23
\BOOKMARK [1][-]{section.3.2}{Biomolecules}{chapter.3}% 24
\BOOKMARK [1][-]{section.3.3}{Proteins}{chapter.3}% 25
\BOOKMARK [1][-]{section.3.4}{Carbohydrates}{chapter.3}% 26
\BOOKMARK [1][-]{section.3.5}{Lipids}{chapter.3}% 27
\BOOKMARK [1][-]{section.3.6}{Nucleic\040Acids}{chapter.3}% 28
\BOOKMARK [0][-]{chapter.4}{The\040Cell}{}% 29
\BOOKMARK [1][-]{section.4.1}{Prokaryotic\040Cells}{chapter.4}% 30
\BOOKMARK [1][-]{section.4.2}{Eukaryotic\040Cells}{chapter.4}% 31
\BOOKMARK [1][-]{section.4.3}{The\040Cell\040Membrane}{chapter.4}% 32
\BOOKMARK [1][-]{section.4.4}{The\040Cytoskeleton}{chapter.4}% 33
\BOOKMARK [1][-]{section.4.5}{The\040Genetic\040Material}{chapter.4}% 34
\BOOKMARK [1][-]{section.4.6}{Organelles\040of\040Eukaryotic\040Cells}{chapter.4}% 35
\BOOKMARK [1][-]{section.4.7}{Structures\040Outside\040The\040Cell\040Membrane}{chapter.4}% 36
\BOOKMARK [1][-]{section.4.8}{Cellular\040Replication}{chapter.4}% 37
\BOOKMARK [1][-]{section.4.9}{DNA\040Repair}{chapter.4}% 38
\BOOKMARK [1][-]{section.4.10}{Cellular\040Growth\040And\040Metabolism}{chapter.4}% 39
\BOOKMARK [1][-]{section.4.11}{Protein\040Synthesis}{chapter.4}% 40
\BOOKMARK [1][-]{section.4.12}{Cell\040Motility}{chapter.4}% 41
\BOOKMARK [1][-]{section.4.13}{Origin\040of\040The\040First\040Cell}{chapter.4}% 42
\BOOKMARK [1][-]{section.4.14}{Origin\040of\040Eukaryotic\040Cells}{chapter.4}% 43
\BOOKMARK [0][-]{chapter.5}{The\040Cell\040Membrane}{}% 44
\BOOKMARK [1][-]{section.5.1}{Structure\040And\040Function\040of\040The\040Cell\040Membrane}{chapter.5}% 45
\BOOKMARK [1][-]{section.5.2}{Membrane\040Permeability}{chapter.5}% 46
\BOOKMARK [1][-]{section.5.3}{The\040Extracellular\040Matrix}{chapter.5}% 47
\BOOKMARK [1][-]{section.5.4}{Cell\040Junctions}{chapter.5}% 48
\BOOKMARK [0][-]{chapter.6}{Bioenergetics}{}% 49
\BOOKMARK [1][-]{section.6.1}{Thermodynamics\040of\040Living\040Organisms}{chapter.6}% 50
\BOOKMARK [1][-]{section.6.2}{Metabolism}{chapter.6}% 51
\BOOKMARK [1][-]{section.6.3}{Energy\040Transformations}{chapter.6}% 52
\BOOKMARK [1][-]{section.6.4}{Enzymes}{chapter.6}% 53
\BOOKMARK [0][-]{chapter.7}{Photosynthesis\040And\040Cellular\040Respiration}{}% 54
\BOOKMARK [1][-]{section.7.1}{The\040Electron\040Transport\040Chain\040And\040Chemiosmosis}{chapter.7}% 55
\BOOKMARK [1][-]{section.7.2}{Photosynthesis}{chapter.7}% 56
\BOOKMARK [1][-]{section.7.3}{Symbiosis\040And\040The\040Origin\040of\040Chloroplasts}{chapter.7}% 57
\BOOKMARK [1][-]{section.7.4}{Cyanobacteria\040And\040The\040Evolution\040of\040Photosynthesis}{chapter.7}% 58
\BOOKMARK [1][-]{section.7.5}{Cellular\040Respiration}{chapter.7}% 59
\BOOKMARK [1][-]{section.7.6}{Fermentation}{chapter.7}% 60
\BOOKMARK [1][-]{section.7.7}{Anaerobic\040Respiration}{chapter.7}% 61
\BOOKMARK [0][-]{chapter.8}{The\040Cell\040Cycle\040And\040Cell\040Division}{}% 62
\BOOKMARK [1][-]{section.8.1}{The\040Prokaryotic\040Cell\040Cycle}{chapter.8}% 63
\BOOKMARK [1][-]{section.8.2}{Binary\040Fission}{chapter.8}% 64
\BOOKMARK [1][-]{section.8.3}{The\040Eukaryotic\040Cell\040Cycle}{chapter.8}% 65
\BOOKMARK [1][-]{section.8.4}{Chromosomes:\040The\040Vectors\040of\040Heredity}{chapter.8}% 66
\BOOKMARK [1][-]{section.8.5}{Mitosis}{chapter.8}% 67
\BOOKMARK [1][-]{section.8.6}{Regulation\040of\040The\040Eukaryotic\040Cell\040Cycle}{chapter.8}% 68
\BOOKMARK [0][-]{chapter.9}{Sexual\040Reproduction\040And\040Meiosis}{}% 69
\BOOKMARK [1][-]{section.9.1}{Meiosis}{chapter.9}% 70
\BOOKMARK [1][-]{section.9.2}{Chromosomal\040Disorders}{chapter.9}% 71
\BOOKMARK [0][-]{chapter.10}{Classical\040Genetics}{}% 72
\BOOKMARK [1][-]{section.10.1}{Mendelian\040Inheritance}{chapter.10}% 73
\BOOKMARK [1][-]{section.10.2}{Mendelian\040Traits\040in\040Humans}{chapter.10}% 74
\BOOKMARK [1][-]{section.10.3}{Non-Mendelian\040Inheritance}{chapter.10}% 75
\BOOKMARK [0][-]{chapter.11}{Molecular\040Biology\040of\040The\040Gene}{}% 76
\BOOKMARK [1][-]{section.11.1}{Structure\040And\040Function\040of\040Deoxyribonucleic\040Acid}{chapter.11}% 77
\BOOKMARK [1][-]{section.11.2}{Structure\040And\040Function\040of\040Ribonucleic\040Acid}{chapter.11}% 78
\BOOKMARK [1][-]{section.11.3}{Gene\040Expression}{chapter.11}% 79
\BOOKMARK [1][-]{section.11.4}{Techniques\040of\040Molecular\040Genetics}{chapter.11}% 80
\BOOKMARK [0][-]{chapter.12}{Regulation\040of\040Gene\040Expression}{}% 81
\BOOKMARK [1][-]{section.12.1}{The\040lac\040operon}{chapter.12}% 82
\BOOKMARK [1][-]{section.12.2}{The\040trp\040operon}{chapter.12}% 83
\BOOKMARK [1][-]{section.12.3}{Regulated\040stages\040of\040gene\040expression}{chapter.12}% 84
\BOOKMARK [1][-]{section.12.4}{Post-transcriptional\040regulation}{chapter.12}% 85
\BOOKMARK [1][-]{section.12.5}{Regulation\040of\040translation}{chapter.12}% 86
\BOOKMARK [0][-]{chapter.13}{Bacteria,\040Archaea\040And\040Viruses}{}% 87
\BOOKMARK [1][-]{section.13.1}{Bacteria}{chapter.13}% 88
\BOOKMARK [1][-]{section.13.2}{Archaea}{chapter.13}% 89
\BOOKMARK [1][-]{section.13.3}{Viruses}{chapter.13}% 90
\BOOKMARK [0][-]{chapter.14}{Protists}{}% 91
\BOOKMARK [1][-]{section.14.1}{Protozoa}{chapter.14}% 92
\BOOKMARK [1][-]{section.14.2}{Flagellates}{chapter.14}% 93
\BOOKMARK [1][-]{section.14.3}{Ciliates}{chapter.14}% 94
\BOOKMARK [1][-]{section.14.4}{Amoebozoa}{chapter.14}% 95
\BOOKMARK [1][-]{section.14.5}{Algae}{chapter.14}% 96
\BOOKMARK [1][-]{section.14.6}{Slime\040Molds}{chapter.14}% 97
\BOOKMARK [0][-]{chapter.15}{The\040Theory\040of\040Evolution}{}% 98
\BOOKMARK [1][-]{section.15.1}{History\040of\040Evolutionary\040Thought}{chapter.15}% 99
\BOOKMARK [1][-]{section.15.2}{The\040Modern\040Synthesis}{chapter.15}% 100
\BOOKMARK [1][-]{section.15.3}{Mechanisms\040of\040Evolution}{chapter.15}% 101
\BOOKMARK [1][-]{section.15.4}{Outcomes\040of\040Evolution}{chapter.15}% 102
\BOOKMARK [0][-]{chapter.16}{Taxonomy,\040Binomial\040Nomenclature\040And\040Systematics}{}% 103
\BOOKMARK [1][-]{section.16.1}{The\040Concept\040of\040Species\040in\040Biology}{chapter.16}% 104
\BOOKMARK [1][-]{section.16.2}{Binomial\040Nomenclature}{chapter.16}% 105
\BOOKMARK [1][-]{section.16.3}{Taxonomy\040And\040Systematics}{chapter.16}% 106
\BOOKMARK [1][-]{section.16.4}{Kingdoms\040And\040Domains}{chapter.16}% 107
\BOOKMARK [1][-]{section.16.5}{Cladistics}{chapter.16}% 108
\BOOKMARK [0][-]{chapter.17}{Fungi}{}% 109
\BOOKMARK [1][-]{section.17.1}{Morphology\040of\040Fungi}{chapter.17}% 110
\BOOKMARK [1][-]{section.17.2}{Growth\040And\040Physiology\040of\040Fungi}{chapter.17}% 111
\BOOKMARK [1][-]{section.17.3}{Reproduction\040of\040Fungi}{chapter.17}% 112
\BOOKMARK [1][-]{section.17.4}{Evolution\040of\040Fungi}{chapter.17}% 113
\BOOKMARK [1][-]{section.17.5}{Fungus-like\040organisms}{chapter.17}% 114
\BOOKMARK [1][-]{section.17.6}{Ecology\040of\040Fungi}{chapter.17}% 115
\BOOKMARK [1][-]{section.17.7}{Fungi\040as\040Pathogens\040And\040Parasites}{chapter.17}% 116
\BOOKMARK [1][-]{section.17.8}{Mycotoxins}{chapter.17}% 117
\BOOKMARK [0][-]{chapter.18}{Plants}{}% 118
\BOOKMARK [1][-]{section.18.1}{Embryophytes}{chapter.18}% 119
\BOOKMARK [1][-]{section.18.2}{Non-vascular\040Plants}{chapter.18}% 120
\BOOKMARK [1][-]{section.18.3}{Vascular\040Plants}{chapter.18}% 121
\BOOKMARK [1][-]{section.18.4}{Seed\040Plants}{chapter.18}% 122
\BOOKMARK [1][-]{section.18.5}{Gymnosperms}{chapter.18}% 123
\BOOKMARK [1][-]{section.18.6}{Angiosperms}{chapter.18}% 124
\BOOKMARK [1][-]{section.18.7}{Plant\040Anatomy}{chapter.18}% 125
\BOOKMARK [1][-]{section.18.8}{Plant\040Tissues}{chapter.18}% 126
\BOOKMARK [1][-]{section.18.9}{Biochemistry\040of\040Plants}{chapter.18}% 127
\BOOKMARK [1][-]{section.18.10}{Plant\040Secondary\040Metabolism}{chapter.18}% 128
\BOOKMARK [1][-]{section.18.11}{Tropisms\040And\040Nastic\040Movements}{chapter.18}% 129
\BOOKMARK [1][-]{section.18.12}{Plant\040Reproduction}{chapter.18}% 130
\BOOKMARK [1][-]{section.18.13}{The\040Fruit}{chapter.18}% 131
\BOOKMARK [0][-]{chapter.19}{Animals}{}% 132
\BOOKMARK [1][-]{section.19.1}{Non-bilaterian\040animals}{chapter.19}% 133
\BOOKMARK [1][-]{section.19.2}{Bilaterian\040animals}{chapter.19}% 134
\BOOKMARK [1][-]{section.19.3}{Chordata}{chapter.19}% 135
\BOOKMARK [1][-]{section.19.4}{Tissues,\040Organs\040And\040Organ\040Systems}{chapter.19}% 136
\BOOKMARK [1][-]{section.19.5}{Human\040evolution}{chapter.19}% 137
\BOOKMARK [0][-]{chapter.20}{Circulatory\040Systems}{}% 138
\BOOKMARK [1][-]{section.20.1}{Closed\040Circulatory\040System}{chapter.20}% 139
\BOOKMARK [1][-]{section.20.2}{Open\040Circulatory\040Systems}{chapter.20}% 140
\BOOKMARK [1][-]{section.20.3}{No\040Circulatory\040System}{chapter.20}% 141
\BOOKMARK [1][-]{section.20.4}{The\040Human\040Cardiovascular\040System}{chapter.20}% 142
\BOOKMARK [1][-]{section.20.5}{The\040Heart}{chapter.20}% 143
\BOOKMARK [1][-]{section.20.6}{The\040Blood\040Flow}{chapter.20}% 144
\BOOKMARK [1][-]{section.20.7}{Arteries}{chapter.20}% 145
\BOOKMARK [1][-]{section.20.8}{Capillaries}{chapter.20}% 146
\BOOKMARK [1][-]{section.20.9}{Veins}{chapter.20}% 147
\BOOKMARK [1][-]{section.20.10}{The\040Systemic\040Circulation}{chapter.20}% 148
\BOOKMARK [1][-]{section.20.11}{The\040Pulmonary\040Circulation}{chapter.20}% 149
\BOOKMARK [1][-]{section.20.12}{Cardiovascular\040Disease}{chapter.20}% 150
\BOOKMARK [1][-]{section.20.13}{History}{chapter.20}% 151
\BOOKMARK [0][-]{chapter.21}{The\040Lymphatic\040And\040Immune\040Systems}{}% 152
\BOOKMARK [1][-]{section.21.1}{The\040Lymphatic\040System}{chapter.21}% 153
\BOOKMARK [1][-]{section.21.2}{The\040Immune\040System}{chapter.21}% 154
\BOOKMARK [1][-]{section.21.3}{The\040Innate\040Immune\040System}{chapter.21}% 155
\BOOKMARK [1][-]{section.21.4}{Cellular\040Components\040of\040The\040Innate\040Immune\040System}{chapter.21}% 156
\BOOKMARK [1][-]{section.21.5}{Inflammation}{chapter.21}% 157
\BOOKMARK [1][-]{section.21.6}{The\040Complement\040System}{chapter.21}% 158
\BOOKMARK [1][-]{section.21.7}{The\040Adaptive\040Immune\040System}{chapter.21}% 159
\BOOKMARK [1][-]{section.21.8}{The\040humoral\040Immune\040Response}{chapter.21}% 160
\BOOKMARK [0][-]{chapter.22}{Respiratory\040Systems}{}% 161
\BOOKMARK [1][-]{section.22.1}{The\040Mammalian\040Respiratory\040System}{chapter.22}% 162
\BOOKMARK [1][-]{section.22.2}{Gas\040Exchange}{chapter.22}% 163
\BOOKMARK [1][-]{section.22.3}{Control\040of\040Ventilation}{chapter.22}% 164
\BOOKMARK [1][-]{section.22.4}{The\040Respiratory\040System\040of\040Birds}{chapter.22}% 165
\BOOKMARK [1][-]{section.22.5}{The\040Respiratory\040System\040of\040Reptiles}{chapter.22}% 166
\BOOKMARK [1][-]{section.22.6}{The\040Respiratory\040System\040of\040Amphibians}{chapter.22}% 167
\BOOKMARK [1][-]{section.22.7}{The\040Respiratory\040System\040of\040Fish}{chapter.22}% 168
\BOOKMARK [1][-]{section.22.8}{The\040Respiratory\040System\040of\040Arthropods}{chapter.22}% 169
\BOOKMARK [1][-]{section.22.9}{The\040Respiratory\040System\040of\040Molluscs}{chapter.22}% 170
\BOOKMARK [1][-]{section.22.10}{The\040Respiratory\040System\040of\040Plants}{chapter.22}% 171
\BOOKMARK [0][-]{chapter.23}{Digestive\040Systems}{}% 172
\BOOKMARK [1][-]{section.23.1}{The\040Human\040Digestive\040System}{chapter.23}% 173
\BOOKMARK [1][-]{section.23.2}{The\040Digestive\040System\040of\040Fish}{chapter.23}% 174
\BOOKMARK [1][-]{section.23.3}{The\040Digestive\040System\040of\040Annelids}{chapter.23}% 175
\BOOKMARK [0][-]{chapter.24}{Osmoregulation\040And\040Excretory\040Systems}{}% 176
\BOOKMARK [1][-]{section.24.1}{Nitrogenous\040Waste}{chapter.24}% 177
\BOOKMARK [1][-]{section.24.2}{Excretory\040Systems}{chapter.24}% 178
\BOOKMARK [1][-]{section.24.3}{The\040Human\040Urinary\040System}{chapter.24}% 179
\BOOKMARK [0][-]{chapter.25}{Nervous\040Systems}{}% 180
\BOOKMARK [1][-]{section.25.1}{The\040Cells\040Of\040The\040Nervous\040System}{chapter.25}% 181
\BOOKMARK [1][-]{section.25.2}{Comparative\040Anatomy\040And\040Evolution\040Of\040Nervous\040Systems}{chapter.25}% 182
\BOOKMARK [1][-]{section.25.3}{The\040Human\040Brain}{chapter.25}% 183
\BOOKMARK [1][-]{section.25.4}{Development\040Of\040The\040Nervous\040System}{chapter.25}% 184
\BOOKMARK [1][-]{section.25.5}{The\040Function\040Of\040The\040Nervous\040System}{chapter.25}% 185
\BOOKMARK [1][-]{section.25.6}{The\040Sensory\040System}{chapter.25}% 186
\BOOKMARK [1][-]{section.25.7}{The\040Motor\040System}{chapter.25}% 187
\BOOKMARK [1][-]{section.25.8}{Neuronal\040Signalling}{chapter.25}% 188
\BOOKMARK [1][-]{section.25.9}{Neurons\040And\040Glial\040Cells}{chapter.25}% 189
\BOOKMARK [1][-]{section.25.10}{Electrical\040Basis\040Of\040Neuronal\040Function}{chapter.25}% 190
\BOOKMARK [1][-]{section.25.11}{Neurotransmission}{chapter.25}% 191
\BOOKMARK [0][-]{chapter.26}{Sensation:\040Receptors,\040Organs\040And\040Systems}{}% 192
\BOOKMARK [1][-]{section.26.1}{Sensory\040Receptors}{chapter.26}% 193
\BOOKMARK [1][-]{section.26.2}{The\040Visual\040System}{chapter.26}% 194
\BOOKMARK [1][-]{section.26.3}{The\040Auditory\040And\040Vestibular\040Systems}{chapter.26}% 195
\BOOKMARK [1][-]{section.26.4}{The\040Auditory\040System}{chapter.26}% 196
\BOOKMARK [1][-]{section.26.5}{The\040Vestibular\040System}{chapter.26}% 197
\BOOKMARK [1][-]{section.26.6}{The\040Somatic\040Sensory\040System}{chapter.26}% 198
\BOOKMARK [1][-]{section.26.7}{The\040Olfactory\040System}{chapter.26}% 199
\BOOKMARK [1][-]{section.26.8}{The\040Gustatory\040System}{chapter.26}% 200
\BOOKMARK [0][-]{chapter.27}{Animal\040Locomotion\040And\040Support\040Systems}{}% 201
\BOOKMARK [1][-]{section.27.1}{The\040Skeleton}{chapter.27}% 202
\BOOKMARK [1][-]{section.27.2}{The\040Human\040Musculoskeletal\040System}{chapter.27}% 203
\BOOKMARK [1][-]{section.27.3}{The\040Muscular\040System}{chapter.27}% 204
\BOOKMARK [0][-]{chapter.28}{Endocrine\040Systems}{}% 205
\BOOKMARK [1][-]{section.28.1}{The\040Hypothalamus}{chapter.28}% 206
\BOOKMARK [1][-]{section.28.2}{Hypothalamic–pituitary–thyroid axis}{chapter.28}% 207
\BOOKMARK [1][-]{section.28.3}{Hypothalamic–pituitary–gonadal axis}{chapter.28}% 208
\BOOKMARK [1][-]{section.28.4}{Hypothalamic–pituitary–adrenal axis}{chapter.28}% 209
\BOOKMARK [1][-]{section.28.5}{The Renin–angiotensin System}{chapter.28}% 210
\BOOKMARK [0][-]{chapter.29}{Reproductive\040Systems}{}% 211
\BOOKMARK [1][-]{section.29.1}{The\040Human\040Reproductive\040System}{chapter.29}% 212
\BOOKMARK [1][-]{section.29.2}{The\040Female\040Reproductive\040System}{chapter.29}% 213
\BOOKMARK [1][-]{section.29.3}{The\040Male\040Reproductive\040System}{chapter.29}% 214
\BOOKMARK [0][-]{chapter.30}{Development\040And\040Aging}{}% 215
\BOOKMARK [1][-]{section.30.1}{Animal\040Development}{chapter.30}% 216
\BOOKMARK [1][-]{section.30.2}{Genetic\040Control\040of\040Development}{chapter.30}% 217
\BOOKMARK [1][-]{section.30.3}{Human\040Embryonic\040Development}{chapter.30}% 218
\BOOKMARK [1][-]{section.30.4}{Aging}{chapter.30}% 219
